<!DOCTYPE html PUBLIC "-//W3C//DTD XHTML 1.0 Transitional//EN" "http://www.w3.org/TR/xhtml1/DTD/xhtml1-transitional.dtd">
<!-- Generated by Apache Maven Doxia Site Renderer 1.4 at 2021-03-27 -->
<html xmlns="http://www.w3.org/1999/xhtml" xml:lang="en" lang="en">
  <head>
    <meta http-equiv="Content-Type" content="text/html; charset=UTF-8" />
    <title>sample - Checkstyle Results</title>
    <style type="text/css" media="all">
      @import url("./css/maven-base.css");
      @import url("./css/maven-theme.css");
      @import url("./css/site.css");
    </style>
    <link rel="stylesheet" href="./css/print.css" type="text/css" media="print" />
    <meta name="Date-Revision-yyyymmdd" content="20210327" />
    <meta http-equiv="Content-Language" content="en" />
        
        </head>
  <body class="composite">
    <div id="banner">
                    <div id="bannerLeft">
                sample
                </div>
                    <div class="clear">
        <hr/>
      </div>
    </div>
    <div id="breadcrumbs">
            
                    
                <div class="xleft">
        <span id="publishDate">Last Published: 2021-03-27</span>
                  &nbsp;| <span id="projectVersion">Version: 0.0.1-SNAPSHOT</span>
                      </div>
            <div class="xright">                    <a href="${project.url}" title="sample">sample</a>
              
                    
      </div>
      <div class="clear">
        <hr/>
      </div>
    </div>
    <div id="leftColumn">
      <div id="navcolumn">
             
                    
                                          <h5>Project Documentation</h5>
                  <ul>
                                                                                                                                                                                                                                                                                            <li class="collapsed">
                          <a href="project-info.html" title="Project Information">Project Information</a>
                  </li>
                                                                              <li class="expanded">
                          <a href="project-reports.html" title="Project Reports">Project Reports</a>
                    <ul>
                      <li class="none">
            <strong>Checkstyle</strong>
          </li>
              </ul>
        </li>
          </ul>
                             <a href="http://maven.apache.org/" title="Built by Maven" class="poweredBy">
        <img class="poweredBy" alt="Built by Maven" src="./images/logos/maven-feather.png" />
      </a>
                   
                    
            </div>
    </div>
    <div id="bodyColumn">
      <div id="contentBox">
        <div class="section">
<h2>Checkstyle Results<a name="Checkstyle_Results"></a></h2>
<p>The following document contains the results of <a class="externalLink" href="http://checkstyle.sourceforge.net/">Checkstyle</a> 8.42-SNAPSHOT with /home/akmo/GitHub/contribution/checkstyle-tester/config-wilcoln-add-nwsbcdc-20210326223500.xml ruleset.&#160;<a href="checkstyle.rss"><img alt="rss feed" src="images/rss.png" /></a></p></div>
<div class="section">
<h2>Summary<a name="Summary"></a></h2>
<table border="0" class="bodyTable">
<tr class="a">
<th>Files</th>
<th><img src="images/icon_info_sml.gif" alt="" />&#160;Info</th>
<th><img src="images/icon_warning_sml.gif" alt="" />&#160;Warnings</th>
<th><img src="images/icon_error_sml.gif" alt="" />&#160;Errors</th></tr>
<tr class="b">
<td>2656</td>
<td>0</td>
<td>7</td>
<td>11</td></tr></table></div>
<div class="section">
<h2>Rules<a name="Rules"></a></h2>
<table border="0" class="bodyTable">
<tr class="a">
<th>Category</th>
<th>Rule</th>
<th>Violations</th>
<th>Severity</th></tr></table></div>
<div class="section">
<h2>Details<a name="Details"></a></h2>
<div class="section">
<h3 id="pmd.pmd-core.src.test.resources.net.sourceforge.pmd.cpd.files.file_with_ISO-8859-1_encoding.java">pmd/pmd-core/src/test/resources/net/sourceforge/pmd/cpd/files/file_with_ISO-8859-1_encoding.java</h3>
<table border="0" class="bodyTable">
<tr class="b">
<th>Severity</th>
<th>Category</th>
<th>Rule</th>
<th>Message</th>
<th>Line</th></tr>
<tr class="a">
<td><img src="images/icon_error_sml.gif" alt="" />&#160;Error</td>
<td>extension</td>
<td>Checker</td>
<td>Got an exception - com.puppycrawl.tools.checkstyle.api.CheckstyleException: TokenStreamRecognitionException occurred while parsing file /home/akmo/GitHub/contribution/checkstyle-tester/src/main/java/pmd/pmd-core/src/test/resources/net/sourceforge/pmd/cpd/files/file_with_ISO-8859-1_encoding.java.
	at com.puppycrawl.tools.checkstyle.JavaParser.parse(JavaParser.java:120)
	at com.puppycrawl.tools.checkstyle.TreeWalker.processFiltered(TreeWalker.java:152)
	at com.puppycrawl.tools.checkstyle.api.AbstractFileSetCheck.process(AbstractFileSetCheck.java:87)
	at com.puppycrawl.tools.checkstyle.Checker.processFile(Checker.java:328)
	at com.puppycrawl.tools.checkstyle.Checker.processFiles(Checker.java:289)
	at com.puppycrawl.tools.checkstyle.Checker.process(Checker.java:221)
	at org.apache.maven.plugins.checkstyle.exec.DefaultCheckstyleExecutor.executeCheckstyle(DefaultCheckstyleExecutor.java:202)
	at org.apache.maven.plugins.checkstyle.AbstractCheckstyleReport.executeReport(AbstractCheckstyleReport.java:533)
	at org.apache.maven.plugins.checkstyle.CheckstyleReport.executeReport(CheckstyleReport.java:57)
	at org.apache.maven.reporting.AbstractMavenReport.generate(AbstractMavenReport.java:255)
	at org.apache.maven.plugins.site.ReportDocumentRenderer.renderDocument(ReportDocumentRenderer.java:219)
	at org.apache.maven.doxia.siterenderer.DefaultSiteRenderer.renderModule(DefaultSiteRenderer.java:319)
	at org.apache.maven.doxia.siterenderer.DefaultSiteRenderer.render(DefaultSiteRenderer.java:135)
	at org.apache.maven.plugins.site.SiteMojo.renderLocale(SiteMojo.java:175)
	at org.apache.maven.plugins.site.SiteMojo.execute(SiteMojo.java:138)
	at org.apache.maven.plugin.DefaultBuildPluginManager.executeMojo(DefaultBuildPluginManager.java:137)
	at org.apache.maven.lifecycle.internal.MojoExecutor.execute(MojoExecutor.java:210)
	at org.apache.maven.lifecycle.internal.MojoExecutor.execute(MojoExecutor.java:156)
	at org.apache.maven.lifecycle.internal.MojoExecutor.execute(MojoExecutor.java:148)
	at org.apache.maven.lifecycle.internal.LifecycleModuleBuilder.buildProject(LifecycleModuleBuilder.java:117)
	at org.apache.maven.lifecycle.internal.LifecycleModuleBuilder.buildProject(LifecycleModuleBuilder.java:81)
	at org.apache.maven.lifecycle.internal.builder.singlethreaded.SingleThreadedBuilder.build(SingleThreadedBuilder.java:56)
	at org.apache.maven.lifecycle.internal.LifecycleStarter.execute(LifecycleStarter.java:128)
	at org.apache.maven.DefaultMaven.doExecute(DefaultMaven.java:305)
	at org.apache.maven.DefaultMaven.doExecute(DefaultMaven.java:192)
	at org.apache.maven.DefaultMaven.execute(DefaultMaven.java:105)
	at org.apache.maven.cli.MavenCli.execute(MavenCli.java:957)
	at org.apache.maven.cli.MavenCli.doMain(MavenCli.java:289)
	at org.apache.maven.cli.MavenCli.main(MavenCli.java:193)
	at java.base/jdk.internal.reflect.NativeMethodAccessorImpl.invoke0(Native Method)
	at java.base/jdk.internal.reflect.NativeMethodAccessorImpl.invoke(NativeMethodAccessorImpl.java:62)
	at java.base/jdk.internal.reflect.DelegatingMethodAccessorImpl.invoke(DelegatingMethodAccessorImpl.java:43)
	at java.base/java.lang.reflect.Method.invoke(Method.java:564)
	at org.codehaus.plexus.classworlds.launcher.Launcher.launchEnhanced(Launcher.java:282)
	at org.codehaus.plexus.classworlds.launcher.Launcher.launch(Launcher.java:225)
	at org.codehaus.plexus.classworlds.launcher.Launcher.mainWithExitCode(Launcher.java:406)
	at org.codehaus.plexus.classworlds.launcher.Launcher.main(Launcher.java:347)
Caused by: line 6:31: unexpected char: '1'
	at com.puppycrawl.tools.checkstyle.grammar.GeneratedJavaLexer.nextToken(GeneratedJavaLexer.java:412)
	at antlr.TokenStreamHiddenTokenFilter.consume(TokenStreamHiddenTokenFilter.java:38)
	at antlr.TokenStreamHiddenTokenFilter.nextToken(TokenStreamHiddenTokenFilter.java:134)
	at antlr.TokenStreamSelector.nextToken(TokenStreamSelector.java:65)
	at antlr.TokenBuffer.fill(TokenBuffer.java:69)
	at antlr.TokenBuffer.LA(TokenBuffer.java:80)
	at antlr.LLkParser.LA(LLkParser.java:52)
	at com.puppycrawl.tools.checkstyle.grammar.GeneratedJavaRecognizer.classDefinition(GeneratedJavaRecognizer.java:623)
	at com.puppycrawl.tools.checkstyle.grammar.GeneratedJavaRecognizer.typeDefinitionInternal(GeneratedJavaRecognizer.java:561)
	at com.puppycrawl.tools.checkstyle.grammar.GeneratedJavaRecognizer.typeDefinition(GeneratedJavaRecognizer.java:402)
	at com.puppycrawl.tools.checkstyle.grammar.GeneratedJavaRecognizer.compilationUnit(GeneratedJavaRecognizer.java:212)
	at com.puppycrawl.tools.checkstyle.JavaParser.parse(JavaParser.java:114)
	... 36 more
</td>
<td>1</td></tr></table></div>
<div class="section">
<h3 id="pmd.pmd-core.src.test.resources.net.sourceforge.pmd.cpd.files.file_with_utf8_bom.java">pmd/pmd-core/src/test/resources/net/sourceforge/pmd/cpd/files/file_with_utf8_bom.java</h3>
<table border="0" class="bodyTable">
<tr class="b">
<th>Severity</th>
<th>Category</th>
<th>Rule</th>
<th>Message</th>
<th>Line</th></tr>
<tr class="a">
<td><img src="images/icon_error_sml.gif" alt="" />&#160;Error</td>
<td>extension</td>
<td>Checker</td>
<td>Got an exception - com.puppycrawl.tools.checkstyle.api.CheckstyleException: TokenStreamRecognitionException occurred while parsing file /home/akmo/GitHub/contribution/checkstyle-tester/src/main/java/pmd/pmd-core/src/test/resources/net/sourceforge/pmd/cpd/files/file_with_utf8_bom.java.
	at com.puppycrawl.tools.checkstyle.JavaParser.parse(JavaParser.java:120)
	at com.puppycrawl.tools.checkstyle.TreeWalker.processFiltered(TreeWalker.java:152)
	at com.puppycrawl.tools.checkstyle.api.AbstractFileSetCheck.process(AbstractFileSetCheck.java:87)
	at com.puppycrawl.tools.checkstyle.Checker.processFile(Checker.java:328)
	at com.puppycrawl.tools.checkstyle.Checker.processFiles(Checker.java:289)
	at com.puppycrawl.tools.checkstyle.Checker.process(Checker.java:221)
	at org.apache.maven.plugins.checkstyle.exec.DefaultCheckstyleExecutor.executeCheckstyle(DefaultCheckstyleExecutor.java:202)
	at org.apache.maven.plugins.checkstyle.AbstractCheckstyleReport.executeReport(AbstractCheckstyleReport.java:533)
	at org.apache.maven.plugins.checkstyle.CheckstyleReport.executeReport(CheckstyleReport.java:57)
	at org.apache.maven.reporting.AbstractMavenReport.generate(AbstractMavenReport.java:255)
	at org.apache.maven.plugins.site.ReportDocumentRenderer.renderDocument(ReportDocumentRenderer.java:219)
	at org.apache.maven.doxia.siterenderer.DefaultSiteRenderer.renderModule(DefaultSiteRenderer.java:319)
	at org.apache.maven.doxia.siterenderer.DefaultSiteRenderer.render(DefaultSiteRenderer.java:135)
	at org.apache.maven.plugins.site.SiteMojo.renderLocale(SiteMojo.java:175)
	at org.apache.maven.plugins.site.SiteMojo.execute(SiteMojo.java:138)
	at org.apache.maven.plugin.DefaultBuildPluginManager.executeMojo(DefaultBuildPluginManager.java:137)
	at org.apache.maven.lifecycle.internal.MojoExecutor.execute(MojoExecutor.java:210)
	at org.apache.maven.lifecycle.internal.MojoExecutor.execute(MojoExecutor.java:156)
	at org.apache.maven.lifecycle.internal.MojoExecutor.execute(MojoExecutor.java:148)
	at org.apache.maven.lifecycle.internal.LifecycleModuleBuilder.buildProject(LifecycleModuleBuilder.java:117)
	at org.apache.maven.lifecycle.internal.LifecycleModuleBuilder.buildProject(LifecycleModuleBuilder.java:81)
	at org.apache.maven.lifecycle.internal.builder.singlethreaded.SingleThreadedBuilder.build(SingleThreadedBuilder.java:56)
	at org.apache.maven.lifecycle.internal.LifecycleStarter.execute(LifecycleStarter.java:128)
	at org.apache.maven.DefaultMaven.doExecute(DefaultMaven.java:305)
	at org.apache.maven.DefaultMaven.doExecute(DefaultMaven.java:192)
	at org.apache.maven.DefaultMaven.execute(DefaultMaven.java:105)
	at org.apache.maven.cli.MavenCli.execute(MavenCli.java:957)
	at org.apache.maven.cli.MavenCli.doMain(MavenCli.java:289)
	at org.apache.maven.cli.MavenCli.main(MavenCli.java:193)
	at java.base/jdk.internal.reflect.NativeMethodAccessorImpl.invoke0(Native Method)
	at java.base/jdk.internal.reflect.NativeMethodAccessorImpl.invoke(NativeMethodAccessorImpl.java:62)
	at java.base/jdk.internal.reflect.DelegatingMethodAccessorImpl.invoke(DelegatingMethodAccessorImpl.java:43)
	at java.base/java.lang.reflect.Method.invoke(Method.java:564)
	at org.codehaus.plexus.classworlds.launcher.Launcher.launchEnhanced(Launcher.java:282)
	at org.codehaus.plexus.classworlds.launcher.Launcher.launch(Launcher.java:225)
	at org.codehaus.plexus.classworlds.launcher.Launcher.mainWithExitCode(Launcher.java:406)
	at org.codehaus.plexus.classworlds.launcher.Launcher.main(Launcher.java:347)
Caused by: line 1:1: Unexpected character 0xfeff in identifier
	at com.puppycrawl.tools.checkstyle.grammar.GeneratedJavaLexer.nextToken(GeneratedJavaLexer.java:412)
	at antlr.TokenStreamHiddenTokenFilter.consume(TokenStreamHiddenTokenFilter.java:38)
	at antlr.TokenStreamHiddenTokenFilter.consumeFirst(TokenStreamHiddenTokenFilter.java:42)
	at antlr.TokenStreamHiddenTokenFilter.nextToken(TokenStreamHiddenTokenFilter.java:122)
	at antlr.TokenStreamSelector.nextToken(TokenStreamSelector.java:65)
	at antlr.TokenBuffer.fill(TokenBuffer.java:69)
	at antlr.TokenBuffer.LA(TokenBuffer.java:80)
	at antlr.LLkParser.LA(LLkParser.java:52)
	at com.puppycrawl.tools.checkstyle.grammar.GeneratedJavaRecognizer.compilationUnit(GeneratedJavaRecognizer.java:168)
	at com.puppycrawl.tools.checkstyle.JavaParser.parse(JavaParser.java:114)
	... 36 more
</td>
<td>1</td></tr></table></div>
<div class="section">
<h3 id="pmd.pmd-java.src.test.resources.ant.java.EncodingTestClass.java">pmd/pmd-java/src/test/resources/ant/java/EncodingTestClass.java</h3>
<table border="0" class="bodyTable">
<tr class="b">
<th>Severity</th>
<th>Category</th>
<th>Rule</th>
<th>Message</th>
<th>Line</th></tr>
<tr class="a">
<td><img src="images/icon_error_sml.gif" alt="" />&#160;Error</td>
<td>extension</td>
<td>Checker</td>
<td>Got an exception - com.puppycrawl.tools.checkstyle.api.CheckstyleException: TokenStreamRecognitionException occurred while parsing file /home/akmo/GitHub/contribution/checkstyle-tester/src/main/java/pmd/pmd-java/src/test/resources/ant/java/EncodingTestClass.java.
	at com.puppycrawl.tools.checkstyle.JavaParser.parse(JavaParser.java:120)
	at com.puppycrawl.tools.checkstyle.TreeWalker.processFiltered(TreeWalker.java:152)
	at com.puppycrawl.tools.checkstyle.api.AbstractFileSetCheck.process(AbstractFileSetCheck.java:87)
	at com.puppycrawl.tools.checkstyle.Checker.processFile(Checker.java:328)
	at com.puppycrawl.tools.checkstyle.Checker.processFiles(Checker.java:289)
	at com.puppycrawl.tools.checkstyle.Checker.process(Checker.java:221)
	at org.apache.maven.plugins.checkstyle.exec.DefaultCheckstyleExecutor.executeCheckstyle(DefaultCheckstyleExecutor.java:202)
	at org.apache.maven.plugins.checkstyle.AbstractCheckstyleReport.executeReport(AbstractCheckstyleReport.java:533)
	at org.apache.maven.plugins.checkstyle.CheckstyleReport.executeReport(CheckstyleReport.java:57)
	at org.apache.maven.reporting.AbstractMavenReport.generate(AbstractMavenReport.java:255)
	at org.apache.maven.plugins.site.ReportDocumentRenderer.renderDocument(ReportDocumentRenderer.java:219)
	at org.apache.maven.doxia.siterenderer.DefaultSiteRenderer.renderModule(DefaultSiteRenderer.java:319)
	at org.apache.maven.doxia.siterenderer.DefaultSiteRenderer.render(DefaultSiteRenderer.java:135)
	at org.apache.maven.plugins.site.SiteMojo.renderLocale(SiteMojo.java:175)
	at org.apache.maven.plugins.site.SiteMojo.execute(SiteMojo.java:138)
	at org.apache.maven.plugin.DefaultBuildPluginManager.executeMojo(DefaultBuildPluginManager.java:137)
	at org.apache.maven.lifecycle.internal.MojoExecutor.execute(MojoExecutor.java:210)
	at org.apache.maven.lifecycle.internal.MojoExecutor.execute(MojoExecutor.java:156)
	at org.apache.maven.lifecycle.internal.MojoExecutor.execute(MojoExecutor.java:148)
	at org.apache.maven.lifecycle.internal.LifecycleModuleBuilder.buildProject(LifecycleModuleBuilder.java:117)
	at org.apache.maven.lifecycle.internal.LifecycleModuleBuilder.buildProject(LifecycleModuleBuilder.java:81)
	at org.apache.maven.lifecycle.internal.builder.singlethreaded.SingleThreadedBuilder.build(SingleThreadedBuilder.java:56)
	at org.apache.maven.lifecycle.internal.LifecycleStarter.execute(LifecycleStarter.java:128)
	at org.apache.maven.DefaultMaven.doExecute(DefaultMaven.java:305)
	at org.apache.maven.DefaultMaven.doExecute(DefaultMaven.java:192)
	at org.apache.maven.DefaultMaven.execute(DefaultMaven.java:105)
	at org.apache.maven.cli.MavenCli.execute(MavenCli.java:957)
	at org.apache.maven.cli.MavenCli.doMain(MavenCli.java:289)
	at org.apache.maven.cli.MavenCli.main(MavenCli.java:193)
	at java.base/jdk.internal.reflect.NativeMethodAccessorImpl.invoke0(Native Method)
	at java.base/jdk.internal.reflect.NativeMethodAccessorImpl.invoke(NativeMethodAccessorImpl.java:62)
	at java.base/jdk.internal.reflect.DelegatingMethodAccessorImpl.invoke(DelegatingMethodAccessorImpl.java:43)
	at java.base/java.lang.reflect.Method.invoke(Method.java:564)
	at org.codehaus.plexus.classworlds.launcher.Launcher.launchEnhanced(Launcher.java:282)
	at org.codehaus.plexus.classworlds.launcher.Launcher.launch(Launcher.java:225)
	at org.codehaus.plexus.classworlds.launcher.Launcher.mainWithExitCode(Launcher.java:406)
	at org.codehaus.plexus.classworlds.launcher.Launcher.main(Launcher.java:347)
Caused by: line 7:34: Unexpected character 0xfffd in identifier
	at com.puppycrawl.tools.checkstyle.grammar.GeneratedJavaLexer.nextToken(GeneratedJavaLexer.java:412)
	at antlr.TokenStreamHiddenTokenFilter.consume(TokenStreamHiddenTokenFilter.java:38)
	at antlr.TokenStreamHiddenTokenFilter.nextToken(TokenStreamHiddenTokenFilter.java:134)
	at antlr.TokenStreamSelector.nextToken(TokenStreamSelector.java:65)
	at antlr.TokenBuffer.fill(TokenBuffer.java:69)
	at antlr.TokenBuffer.LA(TokenBuffer.java:80)
	at antlr.LLkParser.LA(LLkParser.java:52)
	at com.puppycrawl.tools.checkstyle.grammar.GeneratedJavaRecognizer.declaratorBrackets(GeneratedJavaRecognizer.java:2987)
	at com.puppycrawl.tools.checkstyle.grammar.GeneratedJavaRecognizer.field(GeneratedJavaRecognizer.java:3133)
	at com.puppycrawl.tools.checkstyle.grammar.GeneratedJavaRecognizer.classBlock(GeneratedJavaRecognizer.java:3415)
	at com.puppycrawl.tools.checkstyle.grammar.GeneratedJavaRecognizer.classDefinition(GeneratedJavaRecognizer.java:646)
	at com.puppycrawl.tools.checkstyle.grammar.GeneratedJavaRecognizer.typeDefinitionInternal(GeneratedJavaRecognizer.java:561)
	at com.puppycrawl.tools.checkstyle.grammar.GeneratedJavaRecognizer.typeDefinition(GeneratedJavaRecognizer.java:402)
	at com.puppycrawl.tools.checkstyle.grammar.GeneratedJavaRecognizer.compilationUnit(GeneratedJavaRecognizer.java:212)
	at com.puppycrawl.tools.checkstyle.JavaParser.parse(JavaParser.java:114)
	... 36 more
</td>
<td>1</td></tr></table></div>
<div class="section">
<h3 id="pmd.pmd-java.src.test.resources.net.sourceforge.pmd.cpd.badandgood.BadFile.java">pmd/pmd-java/src/test/resources/net/sourceforge/pmd/cpd/badandgood/BadFile.java</h3>
<table border="0" class="bodyTable">
<tr class="b">
<th>Severity</th>
<th>Category</th>
<th>Rule</th>
<th>Message</th>
<th>Line</th></tr>
<tr class="a">
<td><img src="images/icon_error_sml.gif" alt="" />&#160;Error</td>
<td>extension</td>
<td>Checker</td>
<td>Got an exception - com.puppycrawl.tools.checkstyle.api.CheckstyleException: TokenStreamRecognitionException occurred while parsing file /home/akmo/GitHub/contribution/checkstyle-tester/src/main/java/pmd/pmd-java/src/test/resources/net/sourceforge/pmd/cpd/badandgood/BadFile.java.
	at com.puppycrawl.tools.checkstyle.JavaParser.parse(JavaParser.java:120)
	at com.puppycrawl.tools.checkstyle.TreeWalker.processFiltered(TreeWalker.java:152)
	at com.puppycrawl.tools.checkstyle.api.AbstractFileSetCheck.process(AbstractFileSetCheck.java:87)
	at com.puppycrawl.tools.checkstyle.Checker.processFile(Checker.java:328)
	at com.puppycrawl.tools.checkstyle.Checker.processFiles(Checker.java:289)
	at com.puppycrawl.tools.checkstyle.Checker.process(Checker.java:221)
	at org.apache.maven.plugins.checkstyle.exec.DefaultCheckstyleExecutor.executeCheckstyle(DefaultCheckstyleExecutor.java:202)
	at org.apache.maven.plugins.checkstyle.AbstractCheckstyleReport.executeReport(AbstractCheckstyleReport.java:533)
	at org.apache.maven.plugins.checkstyle.CheckstyleReport.executeReport(CheckstyleReport.java:57)
	at org.apache.maven.reporting.AbstractMavenReport.generate(AbstractMavenReport.java:255)
	at org.apache.maven.plugins.site.ReportDocumentRenderer.renderDocument(ReportDocumentRenderer.java:219)
	at org.apache.maven.doxia.siterenderer.DefaultSiteRenderer.renderModule(DefaultSiteRenderer.java:319)
	at org.apache.maven.doxia.siterenderer.DefaultSiteRenderer.render(DefaultSiteRenderer.java:135)
	at org.apache.maven.plugins.site.SiteMojo.renderLocale(SiteMojo.java:175)
	at org.apache.maven.plugins.site.SiteMojo.execute(SiteMojo.java:138)
	at org.apache.maven.plugin.DefaultBuildPluginManager.executeMojo(DefaultBuildPluginManager.java:137)
	at org.apache.maven.lifecycle.internal.MojoExecutor.execute(MojoExecutor.java:210)
	at org.apache.maven.lifecycle.internal.MojoExecutor.execute(MojoExecutor.java:156)
	at org.apache.maven.lifecycle.internal.MojoExecutor.execute(MojoExecutor.java:148)
	at org.apache.maven.lifecycle.internal.LifecycleModuleBuilder.buildProject(LifecycleModuleBuilder.java:117)
	at org.apache.maven.lifecycle.internal.LifecycleModuleBuilder.buildProject(LifecycleModuleBuilder.java:81)
	at org.apache.maven.lifecycle.internal.builder.singlethreaded.SingleThreadedBuilder.build(SingleThreadedBuilder.java:56)
	at org.apache.maven.lifecycle.internal.LifecycleStarter.execute(LifecycleStarter.java:128)
	at org.apache.maven.DefaultMaven.doExecute(DefaultMaven.java:305)
	at org.apache.maven.DefaultMaven.doExecute(DefaultMaven.java:192)
	at org.apache.maven.DefaultMaven.execute(DefaultMaven.java:105)
	at org.apache.maven.cli.MavenCli.execute(MavenCli.java:957)
	at org.apache.maven.cli.MavenCli.doMain(MavenCli.java:289)
	at org.apache.maven.cli.MavenCli.main(MavenCli.java:193)
	at java.base/jdk.internal.reflect.NativeMethodAccessorImpl.invoke0(Native Method)
	at java.base/jdk.internal.reflect.NativeMethodAccessorImpl.invoke(NativeMethodAccessorImpl.java:62)
	at java.base/jdk.internal.reflect.DelegatingMethodAccessorImpl.invoke(DelegatingMethodAccessorImpl.java:43)
	at java.base/java.lang.reflect.Method.invoke(Method.java:564)
	at org.codehaus.plexus.classworlds.launcher.Launcher.launchEnhanced(Launcher.java:282)
	at org.codehaus.plexus.classworlds.launcher.Launcher.launch(Launcher.java:225)
	at org.codehaus.plexus.classworlds.launcher.Launcher.mainWithExitCode(Launcher.java:406)
	at org.codehaus.plexus.classworlds.launcher.Launcher.main(Launcher.java:347)
Caused by: line 4:14: Unexpected character 0xfffd in identifier
	at com.puppycrawl.tools.checkstyle.grammar.GeneratedJavaLexer.nextToken(GeneratedJavaLexer.java:412)
	at antlr.TokenStreamHiddenTokenFilter.consume(TokenStreamHiddenTokenFilter.java:38)
	at antlr.TokenStreamHiddenTokenFilter.nextToken(TokenStreamHiddenTokenFilter.java:134)
	at antlr.TokenStreamSelector.nextToken(TokenStreamSelector.java:65)
	at antlr.TokenBuffer.fill(TokenBuffer.java:69)
	at antlr.TokenBuffer.LA(TokenBuffer.java:80)
	at antlr.LLkParser.LA(LLkParser.java:52)
	at com.puppycrawl.tools.checkstyle.grammar.GeneratedJavaRecognizer.declaratorBrackets(GeneratedJavaRecognizer.java:2987)
	at com.puppycrawl.tools.checkstyle.grammar.GeneratedJavaRecognizer.field(GeneratedJavaRecognizer.java:3133)
	at com.puppycrawl.tools.checkstyle.grammar.GeneratedJavaRecognizer.classBlock(GeneratedJavaRecognizer.java:3415)
	at com.puppycrawl.tools.checkstyle.grammar.GeneratedJavaRecognizer.classDefinition(GeneratedJavaRecognizer.java:646)
	at com.puppycrawl.tools.checkstyle.grammar.GeneratedJavaRecognizer.typeDefinitionInternal(GeneratedJavaRecognizer.java:561)
	at com.puppycrawl.tools.checkstyle.grammar.GeneratedJavaRecognizer.typeDefinition(GeneratedJavaRecognizer.java:402)
	at com.puppycrawl.tools.checkstyle.grammar.GeneratedJavaRecognizer.compilationUnit(GeneratedJavaRecognizer.java:212)
	at com.puppycrawl.tools.checkstyle.JavaParser.parse(JavaParser.java:114)
	... 36 more
</td>
<td>1</td></tr></table></div>
<div class="section">
<h3 id="pmd.pmd-java.src.test.resources.net.sourceforge.pmd.lang.java.ast.jdkversiontests.assert_test5.java">pmd/pmd-java/src/test/resources/net/sourceforge/pmd/lang/java/ast/jdkversiontests/assert_test5.java</h3>
<table border="0" class="bodyTable">
<tr class="b">
<th>Severity</th>
<th>Category</th>
<th>Rule</th>
<th>Message</th>
<th>Line</th></tr>
<tr class="a">
<td><img src="images/icon_error_sml.gif" alt="" />&#160;Error</td>
<td>extension</td>
<td>Checker</td>
<td>Got an exception - com.puppycrawl.tools.checkstyle.api.CheckstyleException: IllegalStateException occurred while parsing file /home/akmo/GitHub/contribution/checkstyle-tester/src/main/java/pmd/pmd-java/src/test/resources/net/sourceforge/pmd/lang/java/ast/jdkversiontests/assert_test5.java.
	at com.puppycrawl.tools.checkstyle.JavaParser.parse(JavaParser.java:120)
	at com.puppycrawl.tools.checkstyle.TreeWalker.processFiltered(TreeWalker.java:152)
	at com.puppycrawl.tools.checkstyle.api.AbstractFileSetCheck.process(AbstractFileSetCheck.java:87)
	at com.puppycrawl.tools.checkstyle.Checker.processFile(Checker.java:328)
	at com.puppycrawl.tools.checkstyle.Checker.processFiles(Checker.java:289)
	at com.puppycrawl.tools.checkstyle.Checker.process(Checker.java:221)
	at org.apache.maven.plugins.checkstyle.exec.DefaultCheckstyleExecutor.executeCheckstyle(DefaultCheckstyleExecutor.java:202)
	at org.apache.maven.plugins.checkstyle.AbstractCheckstyleReport.executeReport(AbstractCheckstyleReport.java:533)
	at org.apache.maven.plugins.checkstyle.CheckstyleReport.executeReport(CheckstyleReport.java:57)
	at org.apache.maven.reporting.AbstractMavenReport.generate(AbstractMavenReport.java:255)
	at org.apache.maven.plugins.site.ReportDocumentRenderer.renderDocument(ReportDocumentRenderer.java:219)
	at org.apache.maven.doxia.siterenderer.DefaultSiteRenderer.renderModule(DefaultSiteRenderer.java:319)
	at org.apache.maven.doxia.siterenderer.DefaultSiteRenderer.render(DefaultSiteRenderer.java:135)
	at org.apache.maven.plugins.site.SiteMojo.renderLocale(SiteMojo.java:175)
	at org.apache.maven.plugins.site.SiteMojo.execute(SiteMojo.java:138)
	at org.apache.maven.plugin.DefaultBuildPluginManager.executeMojo(DefaultBuildPluginManager.java:137)
	at org.apache.maven.lifecycle.internal.MojoExecutor.execute(MojoExecutor.java:210)
	at org.apache.maven.lifecycle.internal.MojoExecutor.execute(MojoExecutor.java:156)
	at org.apache.maven.lifecycle.internal.MojoExecutor.execute(MojoExecutor.java:148)
	at org.apache.maven.lifecycle.internal.LifecycleModuleBuilder.buildProject(LifecycleModuleBuilder.java:117)
	at org.apache.maven.lifecycle.internal.LifecycleModuleBuilder.buildProject(LifecycleModuleBuilder.java:81)
	at org.apache.maven.lifecycle.internal.builder.singlethreaded.SingleThreadedBuilder.build(SingleThreadedBuilder.java:56)
	at org.apache.maven.lifecycle.internal.LifecycleStarter.execute(LifecycleStarter.java:128)
	at org.apache.maven.DefaultMaven.doExecute(DefaultMaven.java:305)
	at org.apache.maven.DefaultMaven.doExecute(DefaultMaven.java:192)
	at org.apache.maven.DefaultMaven.execute(DefaultMaven.java:105)
	at org.apache.maven.cli.MavenCli.execute(MavenCli.java:957)
	at org.apache.maven.cli.MavenCli.doMain(MavenCli.java:289)
	at org.apache.maven.cli.MavenCli.main(MavenCli.java:193)
	at java.base/jdk.internal.reflect.NativeMethodAccessorImpl.invoke0(Native Method)
	at java.base/jdk.internal.reflect.NativeMethodAccessorImpl.invoke(NativeMethodAccessorImpl.java:62)
	at java.base/jdk.internal.reflect.DelegatingMethodAccessorImpl.invoke(DelegatingMethodAccessorImpl.java:43)
	at java.base/java.lang.reflect.Method.invoke(Method.java:564)
	at org.codehaus.plexus.classworlds.launcher.Launcher.launchEnhanced(Launcher.java:282)
	at org.codehaus.plexus.classworlds.launcher.Launcher.launch(Launcher.java:225)
	at org.codehaus.plexus.classworlds.launcher.Launcher.mainWithExitCode(Launcher.java:406)
	at org.codehaus.plexus.classworlds.launcher.Launcher.main(Launcher.java:347)
Caused by: java.lang.IllegalStateException: /home/akmo/GitHub/contribution/checkstyle-tester/src/main/java/pmd/pmd-java/src/test/resources/net/sourceforge/pmd/lang/java/ast/jdkversiontests/assert_test5.java:2:3: unexpected token: int
	at com.puppycrawl.tools.checkstyle.JavaParser$1.reportError(JavaParser.java:108)
	at com.puppycrawl.tools.checkstyle.grammar.GeneratedJavaRecognizer.typeDefinition(GeneratedJavaRecognizer.java:424)
	at com.puppycrawl.tools.checkstyle.grammar.GeneratedJavaRecognizer.compilationUnit(GeneratedJavaRecognizer.java:212)
	at com.puppycrawl.tools.checkstyle.JavaParser.parse(JavaParser.java:114)
	... 36 more
Caused by: /home/akmo/GitHub/contribution/checkstyle-tester/src/main/java/pmd/pmd-java/src/test/resources/net/sourceforge/pmd/lang/java/ast/jdkversiontests/assert_test5.java:2:3: unexpected token: int
	at com.puppycrawl.tools.checkstyle.grammar.GeneratedJavaRecognizer.field(GeneratedJavaRecognizer.java:3260)
	at com.puppycrawl.tools.checkstyle.grammar.GeneratedJavaRecognizer.classBlock(GeneratedJavaRecognizer.java:3415)
	at com.puppycrawl.tools.checkstyle.grammar.GeneratedJavaRecognizer.classDefinition(GeneratedJavaRecognizer.java:646)
	at com.puppycrawl.tools.checkstyle.grammar.GeneratedJavaRecognizer.typeDefinitionInternal(GeneratedJavaRecognizer.java:561)
	at com.puppycrawl.tools.checkstyle.grammar.GeneratedJavaRecognizer.typeDefinition(GeneratedJavaRecognizer.java:402)
	... 38 more
</td>
<td>1</td></tr></table></div>
<div class="section">
<h3 id="pmd.pmd-java.src.test.resources.net.sourceforge.pmd.lang.java.ast.jdkversiontests.assert_test5_a.java">pmd/pmd-java/src/test/resources/net/sourceforge/pmd/lang/java/ast/jdkversiontests/assert_test5_a.java</h3>
<table border="0" class="bodyTable">
<tr class="b">
<th>Severity</th>
<th>Category</th>
<th>Rule</th>
<th>Message</th>
<th>Line</th></tr>
<tr class="a">
<td><img src="images/icon_error_sml.gif" alt="" />&#160;Error</td>
<td>extension</td>
<td>Checker</td>
<td>Got an exception - com.puppycrawl.tools.checkstyle.api.CheckstyleException: IllegalStateException occurred while parsing file /home/akmo/GitHub/contribution/checkstyle-tester/src/main/java/pmd/pmd-java/src/test/resources/net/sourceforge/pmd/lang/java/ast/jdkversiontests/assert_test5_a.java.
	at com.puppycrawl.tools.checkstyle.JavaParser.parse(JavaParser.java:120)
	at com.puppycrawl.tools.checkstyle.TreeWalker.processFiltered(TreeWalker.java:152)
	at com.puppycrawl.tools.checkstyle.api.AbstractFileSetCheck.process(AbstractFileSetCheck.java:87)
	at com.puppycrawl.tools.checkstyle.Checker.processFile(Checker.java:328)
	at com.puppycrawl.tools.checkstyle.Checker.processFiles(Checker.java:289)
	at com.puppycrawl.tools.checkstyle.Checker.process(Checker.java:221)
	at org.apache.maven.plugins.checkstyle.exec.DefaultCheckstyleExecutor.executeCheckstyle(DefaultCheckstyleExecutor.java:202)
	at org.apache.maven.plugins.checkstyle.AbstractCheckstyleReport.executeReport(AbstractCheckstyleReport.java:533)
	at org.apache.maven.plugins.checkstyle.CheckstyleReport.executeReport(CheckstyleReport.java:57)
	at org.apache.maven.reporting.AbstractMavenReport.generate(AbstractMavenReport.java:255)
	at org.apache.maven.plugins.site.ReportDocumentRenderer.renderDocument(ReportDocumentRenderer.java:219)
	at org.apache.maven.doxia.siterenderer.DefaultSiteRenderer.renderModule(DefaultSiteRenderer.java:319)
	at org.apache.maven.doxia.siterenderer.DefaultSiteRenderer.render(DefaultSiteRenderer.java:135)
	at org.apache.maven.plugins.site.SiteMojo.renderLocale(SiteMojo.java:175)
	at org.apache.maven.plugins.site.SiteMojo.execute(SiteMojo.java:138)
	at org.apache.maven.plugin.DefaultBuildPluginManager.executeMojo(DefaultBuildPluginManager.java:137)
	at org.apache.maven.lifecycle.internal.MojoExecutor.execute(MojoExecutor.java:210)
	at org.apache.maven.lifecycle.internal.MojoExecutor.execute(MojoExecutor.java:156)
	at org.apache.maven.lifecycle.internal.MojoExecutor.execute(MojoExecutor.java:148)
	at org.apache.maven.lifecycle.internal.LifecycleModuleBuilder.buildProject(LifecycleModuleBuilder.java:117)
	at org.apache.maven.lifecycle.internal.LifecycleModuleBuilder.buildProject(LifecycleModuleBuilder.java:81)
	at org.apache.maven.lifecycle.internal.builder.singlethreaded.SingleThreadedBuilder.build(SingleThreadedBuilder.java:56)
	at org.apache.maven.lifecycle.internal.LifecycleStarter.execute(LifecycleStarter.java:128)
	at org.apache.maven.DefaultMaven.doExecute(DefaultMaven.java:305)
	at org.apache.maven.DefaultMaven.doExecute(DefaultMaven.java:192)
	at org.apache.maven.DefaultMaven.execute(DefaultMaven.java:105)
	at org.apache.maven.cli.MavenCli.execute(MavenCli.java:957)
	at org.apache.maven.cli.MavenCli.doMain(MavenCli.java:289)
	at org.apache.maven.cli.MavenCli.main(MavenCli.java:193)
	at java.base/jdk.internal.reflect.NativeMethodAccessorImpl.invoke0(Native Method)
	at java.base/jdk.internal.reflect.NativeMethodAccessorImpl.invoke(NativeMethodAccessorImpl.java:62)
	at java.base/jdk.internal.reflect.DelegatingMethodAccessorImpl.invoke(DelegatingMethodAccessorImpl.java:43)
	at java.base/java.lang.reflect.Method.invoke(Method.java:564)
	at org.codehaus.plexus.classworlds.launcher.Launcher.launchEnhanced(Launcher.java:282)
	at org.codehaus.plexus.classworlds.launcher.Launcher.launch(Launcher.java:225)
	at org.codehaus.plexus.classworlds.launcher.Launcher.mainWithExitCode(Launcher.java:406)
	at org.codehaus.plexus.classworlds.launcher.Launcher.main(Launcher.java:347)
Caused by: java.lang.IllegalStateException: /home/akmo/GitHub/contribution/checkstyle-tester/src/main/java/pmd/pmd-java/src/test/resources/net/sourceforge/pmd/lang/java/ast/jdkversiontests/assert_test5_a.java:2:23: unexpected token: )
	at com.puppycrawl.tools.checkstyle.JavaParser$1.reportError(JavaParser.java:108)
	at com.puppycrawl.tools.checkstyle.grammar.GeneratedJavaRecognizer.typeDefinition(GeneratedJavaRecognizer.java:424)
	at com.puppycrawl.tools.checkstyle.grammar.GeneratedJavaRecognizer.compilationUnit(GeneratedJavaRecognizer.java:212)
	at com.puppycrawl.tools.checkstyle.JavaParser.parse(JavaParser.java:114)
	... 36 more
Caused by: /home/akmo/GitHub/contribution/checkstyle-tester/src/main/java/pmd/pmd-java/src/test/resources/net/sourceforge/pmd/lang/java/ast/jdkversiontests/assert_test5_a.java:2:23: unexpected token: )
	at com.puppycrawl.tools.checkstyle.grammar.GeneratedJavaRecognizer.primaryExpression(GeneratedJavaRecognizer.java:4932)
	at com.puppycrawl.tools.checkstyle.grammar.GeneratedJavaRecognizer.postfixExpression(GeneratedJavaRecognizer.java:8619)
	at com.puppycrawl.tools.checkstyle.grammar.GeneratedJavaRecognizer.castExpression(GeneratedJavaRecognizer.java:8555)
	at com.puppycrawl.tools.checkstyle.grammar.GeneratedJavaRecognizer.unaryExpressionNotPlusMinus(GeneratedJavaRecognizer.java:8411)
	at com.puppycrawl.tools.checkstyle.grammar.GeneratedJavaRecognizer.unaryExpression(GeneratedJavaRecognizer.java:8341)
	at com.puppycrawl.tools.checkstyle.grammar.GeneratedJavaRecognizer.multiplicativeExpression(GeneratedJavaRecognizer.java:8202)
	at com.puppycrawl.tools.checkstyle.grammar.GeneratedJavaRecognizer.additiveExpression(GeneratedJavaRecognizer.java:8153)
	at com.puppycrawl.tools.checkstyle.grammar.GeneratedJavaRecognizer.shiftExpression(GeneratedJavaRecognizer.java:8031)
	at com.puppycrawl.tools.checkstyle.grammar.GeneratedJavaRecognizer.relationalExpression(GeneratedJavaRecognizer.java:7919)
	at com.puppycrawl.tools.checkstyle.grammar.GeneratedJavaRecognizer.equalityExpression(GeneratedJavaRecognizer.java:7870)
	at com.puppycrawl.tools.checkstyle.grammar.GeneratedJavaRecognizer.andExpression(GeneratedJavaRecognizer.java:7841)
	at com.puppycrawl.tools.checkstyle.grammar.GeneratedJavaRecognizer.exclusiveOrExpression(GeneratedJavaRecognizer.java:7812)
	at com.puppycrawl.tools.checkstyle.grammar.GeneratedJavaRecognizer.inclusiveOrExpression(GeneratedJavaRecognizer.java:7783)
	at com.puppycrawl.tools.checkstyle.grammar.GeneratedJavaRecognizer.logicalAndExpression(GeneratedJavaRecognizer.java:7754)
	at com.puppycrawl.tools.checkstyle.grammar.GeneratedJavaRecognizer.logicalOrExpression(GeneratedJavaRecognizer.java:7725)
	at com.puppycrawl.tools.checkstyle.grammar.GeneratedJavaRecognizer.conditionalExpression(GeneratedJavaRecognizer.java:2356)
	at com.puppycrawl.tools.checkstyle.grammar.GeneratedJavaRecognizer.assignmentExpression(GeneratedJavaRecognizer.java:7474)
	at com.puppycrawl.tools.checkstyle.grammar.GeneratedJavaRecognizer.expression(GeneratedJavaRecognizer.java:5336)
	at com.puppycrawl.tools.checkstyle.grammar.GeneratedJavaRecognizer.assertStatement(GeneratedJavaRecognizer.java:6073)
	at com.puppycrawl.tools.checkstyle.grammar.GeneratedJavaRecognizer.statement(GeneratedJavaRecognizer.java:4822)
	at com.puppycrawl.tools.checkstyle.grammar.GeneratedJavaRecognizer.compoundStatement(GeneratedJavaRecognizer.java:4544)
	at com.puppycrawl.tools.checkstyle.grammar.GeneratedJavaRecognizer.field(GeneratedJavaRecognizer.java:3158)
	at com.puppycrawl.tools.checkstyle.grammar.GeneratedJavaRecognizer.classBlock(GeneratedJavaRecognizer.java:3415)
	at com.puppycrawl.tools.checkstyle.grammar.GeneratedJavaRecognizer.classDefinition(GeneratedJavaRecognizer.java:646)
	at com.puppycrawl.tools.checkstyle.grammar.GeneratedJavaRecognizer.typeDefinitionInternal(GeneratedJavaRecognizer.java:561)
	at com.puppycrawl.tools.checkstyle.grammar.GeneratedJavaRecognizer.typeDefinition(GeneratedJavaRecognizer.java:402)
	... 38 more
</td>
<td>1</td></tr></table></div>
<div class="section">
<h3 id="pmd.pmd-java.src.test.resources.net.sourceforge.pmd.lang.java.ast.jdkversiontests.assert_test7.java">pmd/pmd-java/src/test/resources/net/sourceforge/pmd/lang/java/ast/jdkversiontests/assert_test7.java</h3>
<table border="0" class="bodyTable">
<tr class="b">
<th>Severity</th>
<th>Category</th>
<th>Rule</th>
<th>Message</th>
<th>Line</th></tr>
<tr class="a">
<td><img src="images/icon_error_sml.gif" alt="" />&#160;Error</td>
<td>extension</td>
<td>Checker</td>
<td>Got an exception - com.puppycrawl.tools.checkstyle.api.CheckstyleException: IllegalStateException occurred while parsing file /home/akmo/GitHub/contribution/checkstyle-tester/src/main/java/pmd/pmd-java/src/test/resources/net/sourceforge/pmd/lang/java/ast/jdkversiontests/assert_test7.java.
	at com.puppycrawl.tools.checkstyle.JavaParser.parse(JavaParser.java:120)
	at com.puppycrawl.tools.checkstyle.TreeWalker.processFiltered(TreeWalker.java:152)
	at com.puppycrawl.tools.checkstyle.api.AbstractFileSetCheck.process(AbstractFileSetCheck.java:87)
	at com.puppycrawl.tools.checkstyle.Checker.processFile(Checker.java:328)
	at com.puppycrawl.tools.checkstyle.Checker.processFiles(Checker.java:289)
	at com.puppycrawl.tools.checkstyle.Checker.process(Checker.java:221)
	at org.apache.maven.plugins.checkstyle.exec.DefaultCheckstyleExecutor.executeCheckstyle(DefaultCheckstyleExecutor.java:202)
	at org.apache.maven.plugins.checkstyle.AbstractCheckstyleReport.executeReport(AbstractCheckstyleReport.java:533)
	at org.apache.maven.plugins.checkstyle.CheckstyleReport.executeReport(CheckstyleReport.java:57)
	at org.apache.maven.reporting.AbstractMavenReport.generate(AbstractMavenReport.java:255)
	at org.apache.maven.plugins.site.ReportDocumentRenderer.renderDocument(ReportDocumentRenderer.java:219)
	at org.apache.maven.doxia.siterenderer.DefaultSiteRenderer.renderModule(DefaultSiteRenderer.java:319)
	at org.apache.maven.doxia.siterenderer.DefaultSiteRenderer.render(DefaultSiteRenderer.java:135)
	at org.apache.maven.plugins.site.SiteMojo.renderLocale(SiteMojo.java:175)
	at org.apache.maven.plugins.site.SiteMojo.execute(SiteMojo.java:138)
	at org.apache.maven.plugin.DefaultBuildPluginManager.executeMojo(DefaultBuildPluginManager.java:137)
	at org.apache.maven.lifecycle.internal.MojoExecutor.execute(MojoExecutor.java:210)
	at org.apache.maven.lifecycle.internal.MojoExecutor.execute(MojoExecutor.java:156)
	at org.apache.maven.lifecycle.internal.MojoExecutor.execute(MojoExecutor.java:148)
	at org.apache.maven.lifecycle.internal.LifecycleModuleBuilder.buildProject(LifecycleModuleBuilder.java:117)
	at org.apache.maven.lifecycle.internal.LifecycleModuleBuilder.buildProject(LifecycleModuleBuilder.java:81)
	at org.apache.maven.lifecycle.internal.builder.singlethreaded.SingleThreadedBuilder.build(SingleThreadedBuilder.java:56)
	at org.apache.maven.lifecycle.internal.LifecycleStarter.execute(LifecycleStarter.java:128)
	at org.apache.maven.DefaultMaven.doExecute(DefaultMaven.java:305)
	at org.apache.maven.DefaultMaven.doExecute(DefaultMaven.java:192)
	at org.apache.maven.DefaultMaven.execute(DefaultMaven.java:105)
	at org.apache.maven.cli.MavenCli.execute(MavenCli.java:957)
	at org.apache.maven.cli.MavenCli.doMain(MavenCli.java:289)
	at org.apache.maven.cli.MavenCli.main(MavenCli.java:193)
	at java.base/jdk.internal.reflect.NativeMethodAccessorImpl.invoke0(Native Method)
	at java.base/jdk.internal.reflect.NativeMethodAccessorImpl.invoke(NativeMethodAccessorImpl.java:62)
	at java.base/jdk.internal.reflect.DelegatingMethodAccessorImpl.invoke(DelegatingMethodAccessorImpl.java:43)
	at java.base/java.lang.reflect.Method.invoke(Method.java:564)
	at org.codehaus.plexus.classworlds.launcher.Launcher.launchEnhanced(Launcher.java:282)
	at org.codehaus.plexus.classworlds.launcher.Launcher.launch(Launcher.java:225)
	at org.codehaus.plexus.classworlds.launcher.Launcher.mainWithExitCode(Launcher.java:406)
	at org.codehaus.plexus.classworlds.launcher.Launcher.main(Launcher.java:347)
Caused by: java.lang.IllegalStateException: /home/akmo/GitHub/contribution/checkstyle-tester/src/main/java/pmd/pmd-java/src/test/resources/net/sourceforge/pmd/lang/java/ast/jdkversiontests/assert_test7.java:2:2: unexpected token: void
	at com.puppycrawl.tools.checkstyle.JavaParser$1.reportError(JavaParser.java:108)
	at com.puppycrawl.tools.checkstyle.grammar.GeneratedJavaRecognizer.typeDefinition(GeneratedJavaRecognizer.java:424)
	at com.puppycrawl.tools.checkstyle.grammar.GeneratedJavaRecognizer.compilationUnit(GeneratedJavaRecognizer.java:212)
	at com.puppycrawl.tools.checkstyle.JavaParser.parse(JavaParser.java:114)
	... 36 more
Caused by: /home/akmo/GitHub/contribution/checkstyle-tester/src/main/java/pmd/pmd-java/src/test/resources/net/sourceforge/pmd/lang/java/ast/jdkversiontests/assert_test7.java:2:2: unexpected token: void
	at com.puppycrawl.tools.checkstyle.grammar.GeneratedJavaRecognizer.field(GeneratedJavaRecognizer.java:3260)
	at com.puppycrawl.tools.checkstyle.grammar.GeneratedJavaRecognizer.classBlock(GeneratedJavaRecognizer.java:3415)
	at com.puppycrawl.tools.checkstyle.grammar.GeneratedJavaRecognizer.classDefinition(GeneratedJavaRecognizer.java:646)
	at com.puppycrawl.tools.checkstyle.grammar.GeneratedJavaRecognizer.typeDefinitionInternal(GeneratedJavaRecognizer.java:561)
	at com.puppycrawl.tools.checkstyle.grammar.GeneratedJavaRecognizer.typeDefinition(GeneratedJavaRecognizer.java:402)
	... 38 more
</td>
<td>1</td></tr></table></div>
<div class="section">
<h3 id="pmd.pmd-java.src.test.resources.net.sourceforge.pmd.lang.java.ast.jdkversiontests.java12.MultipleCaseLabels.java">pmd/pmd-java/src/test/resources/net/sourceforge/pmd/lang/java/ast/jdkversiontests/java12/MultipleCaseLabels.java</h3>
<table border="0" class="bodyTable">
<tr class="b">
<th>Severity</th>
<th>Category</th>
<th>Rule</th>
<th>Message</th>
<th>Line</th></tr>
<tr class="a">
<td><img src="images/icon_warning_sml.gif" alt="" />&#160;Warning</td>
<td>whitespace</td>
<td>NoWhitespaceBeforeCaseDefaultColon</td>
<td>':' is preceded with whitespace.</td>
<td>20</td></tr>
<tr class="b">
<td><img src="images/icon_warning_sml.gif" alt="" />&#160;Warning</td>
<td>whitespace</td>
<td>NoWhitespaceBeforeCaseDefaultColon</td>
<td>':' is preceded with whitespace.</td>
<td>21</td></tr>
<tr class="a">
<td><img src="images/icon_warning_sml.gif" alt="" />&#160;Warning</td>
<td>whitespace</td>
<td>NoWhitespaceBeforeCaseDefaultColon</td>
<td>':' is preceded with whitespace.</td>
<td>22</td></tr></table></div>
<div class="section">
<h3 id="pmd.pmd-java.src.test.resources.net.sourceforge.pmd.lang.java.ast.jdkversiontests.java12.SwitchExpressionsBreak.java">pmd/pmd-java/src/test/resources/net/sourceforge/pmd/lang/java/ast/jdkversiontests/java12/SwitchExpressionsBreak.java</h3>
<table border="0" class="bodyTable">
<tr class="b">
<th>Severity</th>
<th>Category</th>
<th>Rule</th>
<th>Message</th>
<th>Line</th></tr>
<tr class="a">
<td><img src="images/icon_error_sml.gif" alt="" />&#160;Error</td>
<td>extension</td>
<td>Checker</td>
<td>Got an exception - com.puppycrawl.tools.checkstyle.api.CheckstyleException: IllegalStateException occurred while parsing file /home/akmo/GitHub/contribution/checkstyle-tester/src/main/java/pmd/pmd-java/src/test/resources/net/sourceforge/pmd/lang/java/ast/jdkversiontests/java12/SwitchExpressionsBreak.java.
	at com.puppycrawl.tools.checkstyle.JavaParser.parse(JavaParser.java:120)
	at com.puppycrawl.tools.checkstyle.TreeWalker.processFiltered(TreeWalker.java:152)
	at com.puppycrawl.tools.checkstyle.api.AbstractFileSetCheck.process(AbstractFileSetCheck.java:87)
	at com.puppycrawl.tools.checkstyle.Checker.processFile(Checker.java:328)
	at com.puppycrawl.tools.checkstyle.Checker.processFiles(Checker.java:289)
	at com.puppycrawl.tools.checkstyle.Checker.process(Checker.java:221)
	at org.apache.maven.plugins.checkstyle.exec.DefaultCheckstyleExecutor.executeCheckstyle(DefaultCheckstyleExecutor.java:202)
	at org.apache.maven.plugins.checkstyle.AbstractCheckstyleReport.executeReport(AbstractCheckstyleReport.java:533)
	at org.apache.maven.plugins.checkstyle.CheckstyleReport.executeReport(CheckstyleReport.java:57)
	at org.apache.maven.reporting.AbstractMavenReport.generate(AbstractMavenReport.java:255)
	at org.apache.maven.plugins.site.ReportDocumentRenderer.renderDocument(ReportDocumentRenderer.java:219)
	at org.apache.maven.doxia.siterenderer.DefaultSiteRenderer.renderModule(DefaultSiteRenderer.java:319)
	at org.apache.maven.doxia.siterenderer.DefaultSiteRenderer.render(DefaultSiteRenderer.java:135)
	at org.apache.maven.plugins.site.SiteMojo.renderLocale(SiteMojo.java:175)
	at org.apache.maven.plugins.site.SiteMojo.execute(SiteMojo.java:138)
	at org.apache.maven.plugin.DefaultBuildPluginManager.executeMojo(DefaultBuildPluginManager.java:137)
	at org.apache.maven.lifecycle.internal.MojoExecutor.execute(MojoExecutor.java:210)
	at org.apache.maven.lifecycle.internal.MojoExecutor.execute(MojoExecutor.java:156)
	at org.apache.maven.lifecycle.internal.MojoExecutor.execute(MojoExecutor.java:148)
	at org.apache.maven.lifecycle.internal.LifecycleModuleBuilder.buildProject(LifecycleModuleBuilder.java:117)
	at org.apache.maven.lifecycle.internal.LifecycleModuleBuilder.buildProject(LifecycleModuleBuilder.java:81)
	at org.apache.maven.lifecycle.internal.builder.singlethreaded.SingleThreadedBuilder.build(SingleThreadedBuilder.java:56)
	at org.apache.maven.lifecycle.internal.LifecycleStarter.execute(LifecycleStarter.java:128)
	at org.apache.maven.DefaultMaven.doExecute(DefaultMaven.java:305)
	at org.apache.maven.DefaultMaven.doExecute(DefaultMaven.java:192)
	at org.apache.maven.DefaultMaven.execute(DefaultMaven.java:105)
	at org.apache.maven.cli.MavenCli.execute(MavenCli.java:957)
	at org.apache.maven.cli.MavenCli.doMain(MavenCli.java:289)
	at org.apache.maven.cli.MavenCli.main(MavenCli.java:193)
	at java.base/jdk.internal.reflect.NativeMethodAccessorImpl.invoke0(Native Method)
	at java.base/jdk.internal.reflect.NativeMethodAccessorImpl.invoke(NativeMethodAccessorImpl.java:62)
	at java.base/jdk.internal.reflect.DelegatingMethodAccessorImpl.invoke(DelegatingMethodAccessorImpl.java:43)
	at java.base/java.lang.reflect.Method.invoke(Method.java:564)
	at org.codehaus.plexus.classworlds.launcher.Launcher.launchEnhanced(Launcher.java:282)
	at org.codehaus.plexus.classworlds.launcher.Launcher.launch(Launcher.java:225)
	at org.codehaus.plexus.classworlds.launcher.Launcher.mainWithExitCode(Launcher.java:406)
	at org.codehaus.plexus.classworlds.launcher.Launcher.main(Launcher.java:347)
Caused by: java.lang.IllegalStateException: /home/akmo/GitHub/contribution/checkstyle-tester/src/main/java/pmd/pmd-java/src/test/resources/net/sourceforge/pmd/lang/java/ast/jdkversiontests/java12/SwitchExpressionsBreak.java:19:13: unexpected token: numLetters
	at com.puppycrawl.tools.checkstyle.JavaParser$1.reportError(JavaParser.java:108)
	at com.puppycrawl.tools.checkstyle.grammar.GeneratedJavaRecognizer.typeDefinition(GeneratedJavaRecognizer.java:424)
	at com.puppycrawl.tools.checkstyle.grammar.GeneratedJavaRecognizer.compilationUnit(GeneratedJavaRecognizer.java:212)
	at com.puppycrawl.tools.checkstyle.JavaParser.parse(JavaParser.java:114)
	... 36 more
Caused by: /home/akmo/GitHub/contribution/checkstyle-tester/src/main/java/pmd/pmd-java/src/test/resources/net/sourceforge/pmd/lang/java/ast/jdkversiontests/java12/SwitchExpressionsBreak.java:19:13: unexpected token: numLetters
	at com.puppycrawl.tools.checkstyle.grammar.GeneratedJavaRecognizer.traditionalStatement(GeneratedJavaRecognizer.java:6057)
	at com.puppycrawl.tools.checkstyle.grammar.GeneratedJavaRecognizer.statement(GeneratedJavaRecognizer.java:4815)
	at com.puppycrawl.tools.checkstyle.grammar.GeneratedJavaRecognizer.compoundStatement(GeneratedJavaRecognizer.java:4544)
	at com.puppycrawl.tools.checkstyle.grammar.GeneratedJavaRecognizer.field(GeneratedJavaRecognizer.java:3158)
	at com.puppycrawl.tools.checkstyle.grammar.GeneratedJavaRecognizer.classBlock(GeneratedJavaRecognizer.java:3415)
	at com.puppycrawl.tools.checkstyle.grammar.GeneratedJavaRecognizer.classDefinition(GeneratedJavaRecognizer.java:646)
	at com.puppycrawl.tools.checkstyle.grammar.GeneratedJavaRecognizer.typeDefinitionInternal(GeneratedJavaRecognizer.java:561)
	at com.puppycrawl.tools.checkstyle.grammar.GeneratedJavaRecognizer.typeDefinition(GeneratedJavaRecognizer.java:402)
	... 38 more
</td>
<td>1</td></tr></table></div>
<div class="section">
<h3 id="pmd.pmd-java.src.test.resources.net.sourceforge.pmd.lang.java.ast.jdkversiontests.java13.SwitchExpressionsYield.java">pmd/pmd-java/src/test/resources/net/sourceforge/pmd/lang/java/ast/jdkversiontests/java13/SwitchExpressionsYield.java</h3>
<table border="0" class="bodyTable">
<tr class="b">
<th>Severity</th>
<th>Category</th>
<th>Rule</th>
<th>Message</th>
<th>Line</th></tr>
<tr class="a">
<td><img src="images/icon_warning_sml.gif" alt="" />&#160;Warning</td>
<td>whitespace</td>
<td>NoWhitespaceBeforeCaseDefaultColon</td>
<td>':' is preceded with whitespace.</td>
<td>21</td></tr>
<tr class="b">
<td><img src="images/icon_warning_sml.gif" alt="" />&#160;Warning</td>
<td>whitespace</td>
<td>NoWhitespaceBeforeCaseDefaultColon</td>
<td>':' is preceded with whitespace.</td>
<td>22</td></tr>
<tr class="a">
<td><img src="images/icon_warning_sml.gif" alt="" />&#160;Warning</td>
<td>whitespace</td>
<td>NoWhitespaceBeforeCaseDefaultColon</td>
<td>':' is preceded with whitespace.</td>
<td>23</td></tr>
<tr class="b">
<td><img src="images/icon_warning_sml.gif" alt="" />&#160;Warning</td>
<td>whitespace</td>
<td>NoWhitespaceBeforeCaseDefaultColon</td>
<td>':' is preceded with whitespace.</td>
<td>24</td></tr></table></div>
<div class="section">
<h3 id="pmd.pmd-java.src.test.resources.net.sourceforge.pmd.lang.java.ast.jdkversiontests.jdk14_enum.java">pmd/pmd-java/src/test/resources/net/sourceforge/pmd/lang/java/ast/jdkversiontests/jdk14_enum.java</h3>
<table border="0" class="bodyTable">
<tr class="a">
<th>Severity</th>
<th>Category</th>
<th>Rule</th>
<th>Message</th>
<th>Line</th></tr>
<tr class="b">
<td><img src="images/icon_error_sml.gif" alt="" />&#160;Error</td>
<td>extension</td>
<td>Checker</td>
<td>Got an exception - com.puppycrawl.tools.checkstyle.api.CheckstyleException: IllegalStateException occurred while parsing file /home/akmo/GitHub/contribution/checkstyle-tester/src/main/java/pmd/pmd-java/src/test/resources/net/sourceforge/pmd/lang/java/ast/jdkversiontests/jdk14_enum.java.
	at com.puppycrawl.tools.checkstyle.JavaParser.parse(JavaParser.java:120)
	at com.puppycrawl.tools.checkstyle.TreeWalker.processFiltered(TreeWalker.java:152)
	at com.puppycrawl.tools.checkstyle.api.AbstractFileSetCheck.process(AbstractFileSetCheck.java:87)
	at com.puppycrawl.tools.checkstyle.Checker.processFile(Checker.java:328)
	at com.puppycrawl.tools.checkstyle.Checker.processFiles(Checker.java:289)
	at com.puppycrawl.tools.checkstyle.Checker.process(Checker.java:221)
	at org.apache.maven.plugins.checkstyle.exec.DefaultCheckstyleExecutor.executeCheckstyle(DefaultCheckstyleExecutor.java:202)
	at org.apache.maven.plugins.checkstyle.AbstractCheckstyleReport.executeReport(AbstractCheckstyleReport.java:533)
	at org.apache.maven.plugins.checkstyle.CheckstyleReport.executeReport(CheckstyleReport.java:57)
	at org.apache.maven.reporting.AbstractMavenReport.generate(AbstractMavenReport.java:255)
	at org.apache.maven.plugins.site.ReportDocumentRenderer.renderDocument(ReportDocumentRenderer.java:219)
	at org.apache.maven.doxia.siterenderer.DefaultSiteRenderer.renderModule(DefaultSiteRenderer.java:319)
	at org.apache.maven.doxia.siterenderer.DefaultSiteRenderer.render(DefaultSiteRenderer.java:135)
	at org.apache.maven.plugins.site.SiteMojo.renderLocale(SiteMojo.java:175)
	at org.apache.maven.plugins.site.SiteMojo.execute(SiteMojo.java:138)
	at org.apache.maven.plugin.DefaultBuildPluginManager.executeMojo(DefaultBuildPluginManager.java:137)
	at org.apache.maven.lifecycle.internal.MojoExecutor.execute(MojoExecutor.java:210)
	at org.apache.maven.lifecycle.internal.MojoExecutor.execute(MojoExecutor.java:156)
	at org.apache.maven.lifecycle.internal.MojoExecutor.execute(MojoExecutor.java:148)
	at org.apache.maven.lifecycle.internal.LifecycleModuleBuilder.buildProject(LifecycleModuleBuilder.java:117)
	at org.apache.maven.lifecycle.internal.LifecycleModuleBuilder.buildProject(LifecycleModuleBuilder.java:81)
	at org.apache.maven.lifecycle.internal.builder.singlethreaded.SingleThreadedBuilder.build(SingleThreadedBuilder.java:56)
	at org.apache.maven.lifecycle.internal.LifecycleStarter.execute(LifecycleStarter.java:128)
	at org.apache.maven.DefaultMaven.doExecute(DefaultMaven.java:305)
	at org.apache.maven.DefaultMaven.doExecute(DefaultMaven.java:192)
	at org.apache.maven.DefaultMaven.execute(DefaultMaven.java:105)
	at org.apache.maven.cli.MavenCli.execute(MavenCli.java:957)
	at org.apache.maven.cli.MavenCli.doMain(MavenCli.java:289)
	at org.apache.maven.cli.MavenCli.main(MavenCli.java:193)
	at java.base/jdk.internal.reflect.NativeMethodAccessorImpl.invoke0(Native Method)
	at java.base/jdk.internal.reflect.NativeMethodAccessorImpl.invoke(NativeMethodAccessorImpl.java:62)
	at java.base/jdk.internal.reflect.DelegatingMethodAccessorImpl.invoke(DelegatingMethodAccessorImpl.java:43)
	at java.base/java.lang.reflect.Method.invoke(Method.java:564)
	at org.codehaus.plexus.classworlds.launcher.Launcher.launchEnhanced(Launcher.java:282)
	at org.codehaus.plexus.classworlds.launcher.Launcher.launch(Launcher.java:225)
	at org.codehaus.plexus.classworlds.launcher.Launcher.mainWithExitCode(Launcher.java:406)
	at org.codehaus.plexus.classworlds.launcher.Launcher.main(Launcher.java:347)
Caused by: java.lang.IllegalStateException: /home/akmo/GitHub/contribution/checkstyle-tester/src/main/java/pmd/pmd-java/src/test/resources/net/sourceforge/pmd/lang/java/ast/jdkversiontests/jdk14_enum.java:2:2: unexpected token: int
	at com.puppycrawl.tools.checkstyle.JavaParser$1.reportError(JavaParser.java:108)
	at com.puppycrawl.tools.checkstyle.grammar.GeneratedJavaRecognizer.typeDefinition(GeneratedJavaRecognizer.java:424)
	at com.puppycrawl.tools.checkstyle.grammar.GeneratedJavaRecognizer.compilationUnit(GeneratedJavaRecognizer.java:212)
	at com.puppycrawl.tools.checkstyle.JavaParser.parse(JavaParser.java:114)
	... 36 more
Caused by: /home/akmo/GitHub/contribution/checkstyle-tester/src/main/java/pmd/pmd-java/src/test/resources/net/sourceforge/pmd/lang/java/ast/jdkversiontests/jdk14_enum.java:2:2: unexpected token: int
	at com.puppycrawl.tools.checkstyle.grammar.GeneratedJavaRecognizer.field(GeneratedJavaRecognizer.java:3225)
	at com.puppycrawl.tools.checkstyle.grammar.GeneratedJavaRecognizer.classBlock(GeneratedJavaRecognizer.java:3415)
	at com.puppycrawl.tools.checkstyle.grammar.GeneratedJavaRecognizer.classDefinition(GeneratedJavaRecognizer.java:646)
	at com.puppycrawl.tools.checkstyle.grammar.GeneratedJavaRecognizer.typeDefinitionInternal(GeneratedJavaRecognizer.java:561)
	at com.puppycrawl.tools.checkstyle.grammar.GeneratedJavaRecognizer.typeDefinition(GeneratedJavaRecognizer.java:402)
	... 38 more
</td>
<td>1</td></tr></table></div>
<div class="section">
<h3 id="pmd.pmd-java.src.test.resources.net.sourceforge.pmd.lang.java.ast.jdkversiontests.jdk9_module_info.java">pmd/pmd-java/src/test/resources/net/sourceforge/pmd/lang/java/ast/jdkversiontests/jdk9_module_info.java</h3>
<table border="0" class="bodyTable">
<tr class="a">
<th>Severity</th>
<th>Category</th>
<th>Rule</th>
<th>Message</th>
<th>Line</th></tr>
<tr class="b">
<td><img src="images/icon_error_sml.gif" alt="" />&#160;Error</td>
<td>extension</td>
<td>Checker</td>
<td>Got an exception - com.puppycrawl.tools.checkstyle.api.CheckstyleException: NoViableAltException occurred while parsing file /home/akmo/GitHub/contribution/checkstyle-tester/src/main/java/pmd/pmd-java/src/test/resources/net/sourceforge/pmd/lang/java/ast/jdkversiontests/jdk9_module_info.java.
	at com.puppycrawl.tools.checkstyle.JavaParser.parse(JavaParser.java:120)
	at com.puppycrawl.tools.checkstyle.TreeWalker.processFiltered(TreeWalker.java:152)
	at com.puppycrawl.tools.checkstyle.api.AbstractFileSetCheck.process(AbstractFileSetCheck.java:87)
	at com.puppycrawl.tools.checkstyle.Checker.processFile(Checker.java:328)
	at com.puppycrawl.tools.checkstyle.Checker.processFiles(Checker.java:289)
	at com.puppycrawl.tools.checkstyle.Checker.process(Checker.java:221)
	at org.apache.maven.plugins.checkstyle.exec.DefaultCheckstyleExecutor.executeCheckstyle(DefaultCheckstyleExecutor.java:202)
	at org.apache.maven.plugins.checkstyle.AbstractCheckstyleReport.executeReport(AbstractCheckstyleReport.java:533)
	at org.apache.maven.plugins.checkstyle.CheckstyleReport.executeReport(CheckstyleReport.java:57)
	at org.apache.maven.reporting.AbstractMavenReport.generate(AbstractMavenReport.java:255)
	at org.apache.maven.plugins.site.ReportDocumentRenderer.renderDocument(ReportDocumentRenderer.java:219)
	at org.apache.maven.doxia.siterenderer.DefaultSiteRenderer.renderModule(DefaultSiteRenderer.java:319)
	at org.apache.maven.doxia.siterenderer.DefaultSiteRenderer.render(DefaultSiteRenderer.java:135)
	at org.apache.maven.plugins.site.SiteMojo.renderLocale(SiteMojo.java:175)
	at org.apache.maven.plugins.site.SiteMojo.execute(SiteMojo.java:138)
	at org.apache.maven.plugin.DefaultBuildPluginManager.executeMojo(DefaultBuildPluginManager.java:137)
	at org.apache.maven.lifecycle.internal.MojoExecutor.execute(MojoExecutor.java:210)
	at org.apache.maven.lifecycle.internal.MojoExecutor.execute(MojoExecutor.java:156)
	at org.apache.maven.lifecycle.internal.MojoExecutor.execute(MojoExecutor.java:148)
	at org.apache.maven.lifecycle.internal.LifecycleModuleBuilder.buildProject(LifecycleModuleBuilder.java:117)
	at org.apache.maven.lifecycle.internal.LifecycleModuleBuilder.buildProject(LifecycleModuleBuilder.java:81)
	at org.apache.maven.lifecycle.internal.builder.singlethreaded.SingleThreadedBuilder.build(SingleThreadedBuilder.java:56)
	at org.apache.maven.lifecycle.internal.LifecycleStarter.execute(LifecycleStarter.java:128)
	at org.apache.maven.DefaultMaven.doExecute(DefaultMaven.java:305)
	at org.apache.maven.DefaultMaven.doExecute(DefaultMaven.java:192)
	at org.apache.maven.DefaultMaven.execute(DefaultMaven.java:105)
	at org.apache.maven.cli.MavenCli.execute(MavenCli.java:957)
	at org.apache.maven.cli.MavenCli.doMain(MavenCli.java:289)
	at org.apache.maven.cli.MavenCli.main(MavenCli.java:193)
	at java.base/jdk.internal.reflect.NativeMethodAccessorImpl.invoke0(Native Method)
	at java.base/jdk.internal.reflect.NativeMethodAccessorImpl.invoke(NativeMethodAccessorImpl.java:62)
	at java.base/jdk.internal.reflect.DelegatingMethodAccessorImpl.invoke(DelegatingMethodAccessorImpl.java:43)
	at java.base/java.lang.reflect.Method.invoke(Method.java:564)
	at org.codehaus.plexus.classworlds.launcher.Launcher.launchEnhanced(Launcher.java:282)
	at org.codehaus.plexus.classworlds.launcher.Launcher.launch(Launcher.java:225)
	at org.codehaus.plexus.classworlds.launcher.Launcher.mainWithExitCode(Launcher.java:406)
	at org.codehaus.plexus.classworlds.launcher.Launcher.main(Launcher.java:347)
Caused by: /home/akmo/GitHub/contribution/checkstyle-tester/src/main/java/pmd/pmd-java/src/test/resources/net/sourceforge/pmd/lang/java/ast/jdkversiontests/jdk9_module_info.java:4:1: unexpected token: open
	at com.puppycrawl.tools.checkstyle.grammar.GeneratedJavaRecognizer.compilationUnit(GeneratedJavaRecognizer.java:191)
	at com.puppycrawl.tools.checkstyle.JavaParser.parse(JavaParser.java:114)
	... 36 more
</td>
<td>1</td></tr></table></div>
<div class="section">
<h3 id="pmd.pmd-java.src.test.resources.net.sourceforge.pmd.lang.java.ast.jdkversiontests.jdk9_module_info_with_annot.java">pmd/pmd-java/src/test/resources/net/sourceforge/pmd/lang/java/ast/jdkversiontests/jdk9_module_info_with_annot.java</h3>
<table border="0" class="bodyTable">
<tr class="a">
<th>Severity</th>
<th>Category</th>
<th>Rule</th>
<th>Message</th>
<th>Line</th></tr>
<tr class="b">
<td><img src="images/icon_error_sml.gif" alt="" />&#160;Error</td>
<td>extension</td>
<td>Checker</td>
<td>Got an exception - com.puppycrawl.tools.checkstyle.api.CheckstyleException: IllegalStateException occurred while parsing file /home/akmo/GitHub/contribution/checkstyle-tester/src/main/java/pmd/pmd-java/src/test/resources/net/sourceforge/pmd/lang/java/ast/jdkversiontests/jdk9_module_info_with_annot.java.
	at com.puppycrawl.tools.checkstyle.JavaParser.parse(JavaParser.java:120)
	at com.puppycrawl.tools.checkstyle.TreeWalker.processFiltered(TreeWalker.java:152)
	at com.puppycrawl.tools.checkstyle.api.AbstractFileSetCheck.process(AbstractFileSetCheck.java:87)
	at com.puppycrawl.tools.checkstyle.Checker.processFile(Checker.java:328)
	at com.puppycrawl.tools.checkstyle.Checker.processFiles(Checker.java:289)
	at com.puppycrawl.tools.checkstyle.Checker.process(Checker.java:221)
	at org.apache.maven.plugins.checkstyle.exec.DefaultCheckstyleExecutor.executeCheckstyle(DefaultCheckstyleExecutor.java:202)
	at org.apache.maven.plugins.checkstyle.AbstractCheckstyleReport.executeReport(AbstractCheckstyleReport.java:533)
	at org.apache.maven.plugins.checkstyle.CheckstyleReport.executeReport(CheckstyleReport.java:57)
	at org.apache.maven.reporting.AbstractMavenReport.generate(AbstractMavenReport.java:255)
	at org.apache.maven.plugins.site.ReportDocumentRenderer.renderDocument(ReportDocumentRenderer.java:219)
	at org.apache.maven.doxia.siterenderer.DefaultSiteRenderer.renderModule(DefaultSiteRenderer.java:319)
	at org.apache.maven.doxia.siterenderer.DefaultSiteRenderer.render(DefaultSiteRenderer.java:135)
	at org.apache.maven.plugins.site.SiteMojo.renderLocale(SiteMojo.java:175)
	at org.apache.maven.plugins.site.SiteMojo.execute(SiteMojo.java:138)
	at org.apache.maven.plugin.DefaultBuildPluginManager.executeMojo(DefaultBuildPluginManager.java:137)
	at org.apache.maven.lifecycle.internal.MojoExecutor.execute(MojoExecutor.java:210)
	at org.apache.maven.lifecycle.internal.MojoExecutor.execute(MojoExecutor.java:156)
	at org.apache.maven.lifecycle.internal.MojoExecutor.execute(MojoExecutor.java:148)
	at org.apache.maven.lifecycle.internal.LifecycleModuleBuilder.buildProject(LifecycleModuleBuilder.java:117)
	at org.apache.maven.lifecycle.internal.LifecycleModuleBuilder.buildProject(LifecycleModuleBuilder.java:81)
	at org.apache.maven.lifecycle.internal.builder.singlethreaded.SingleThreadedBuilder.build(SingleThreadedBuilder.java:56)
	at org.apache.maven.lifecycle.internal.LifecycleStarter.execute(LifecycleStarter.java:128)
	at org.apache.maven.DefaultMaven.doExecute(DefaultMaven.java:305)
	at org.apache.maven.DefaultMaven.doExecute(DefaultMaven.java:192)
	at org.apache.maven.DefaultMaven.execute(DefaultMaven.java:105)
	at org.apache.maven.cli.MavenCli.execute(MavenCli.java:957)
	at org.apache.maven.cli.MavenCli.doMain(MavenCli.java:289)
	at org.apache.maven.cli.MavenCli.main(MavenCli.java:193)
	at java.base/jdk.internal.reflect.NativeMethodAccessorImpl.invoke0(Native Method)
	at java.base/jdk.internal.reflect.NativeMethodAccessorImpl.invoke(NativeMethodAccessorImpl.java:62)
	at java.base/jdk.internal.reflect.DelegatingMethodAccessorImpl.invoke(DelegatingMethodAccessorImpl.java:43)
	at java.base/java.lang.reflect.Method.invoke(Method.java:564)
	at org.codehaus.plexus.classworlds.launcher.Launcher.launchEnhanced(Launcher.java:282)
	at org.codehaus.plexus.classworlds.launcher.Launcher.launch(Launcher.java:225)
	at org.codehaus.plexus.classworlds.launcher.Launcher.mainWithExitCode(Launcher.java:406)
	at org.codehaus.plexus.classworlds.launcher.Launcher.main(Launcher.java:347)
Caused by: java.lang.IllegalStateException: /home/akmo/GitHub/contribution/checkstyle-tester/src/main/java/pmd/pmd-java/src/test/resources/net/sourceforge/pmd/lang/java/ast/jdkversiontests/jdk9_module_info_with_annot.java:5:1: unexpected token: module
	at com.puppycrawl.tools.checkstyle.JavaParser$1.reportError(JavaParser.java:108)
	at com.puppycrawl.tools.checkstyle.grammar.GeneratedJavaRecognizer.typeDefinition(GeneratedJavaRecognizer.java:424)
	at com.puppycrawl.tools.checkstyle.grammar.GeneratedJavaRecognizer.compilationUnit(GeneratedJavaRecognizer.java:212)
	at com.puppycrawl.tools.checkstyle.JavaParser.parse(JavaParser.java:114)
	... 36 more
Caused by: /home/akmo/GitHub/contribution/checkstyle-tester/src/main/java/pmd/pmd-java/src/test/resources/net/sourceforge/pmd/lang/java/ast/jdkversiontests/jdk9_module_info_with_annot.java:5:1: unexpected token: module
	at com.puppycrawl.tools.checkstyle.grammar.GeneratedJavaRecognizer.typeDefinitionInternal(GeneratedJavaRecognizer.java:596)
	at com.puppycrawl.tools.checkstyle.grammar.GeneratedJavaRecognizer.typeDefinition(GeneratedJavaRecognizer.java:402)
	... 38 more
</td>
<td>1</td></tr></table></div></div>
      </div>
    </div>
    <div class="clear">
      <hr/>
    </div>
    <div id="footer">
      <div class="xright">
              Copyright &#169;                   2021.
          All Rights Reserved.      
                    
                  </div>
      <div class="clear">
        <hr/>
      </div>
    </div>
  </body>
</html>
