<!DOCTYPE html PUBLIC "-//W3C//DTD XHTML 1.0 Transitional//EN" "http://www.w3.org/TR/xhtml1/DTD/xhtml1-transitional.dtd">
<!-- Generated by Apache Maven Doxia Site Renderer 1.4 at 2021-03-27 -->
<html xmlns="http://www.w3.org/1999/xhtml" xml:lang="en" lang="en">
  <head>
    <meta http-equiv="Content-Type" content="text/html; charset=UTF-8" />
    <title>sample - Checkstyle Results</title>
    <style type="text/css" media="all">
      @import url("./css/maven-base.css");
      @import url("./css/maven-theme.css");
      @import url("./css/site.css");
    </style>
    <link rel="stylesheet" href="./css/print.css" type="text/css" media="print" />
    <meta name="Date-Revision-yyyymmdd" content="20210327" />
    <meta http-equiv="Content-Language" content="en" />
        
        </head>
  <body class="composite">
    <div id="banner">
                    <div id="bannerLeft">
                sample
                </div>
                    <div class="clear">
        <hr/>
      </div>
    </div>
    <div id="breadcrumbs">
            
                    
                <div class="xleft">
        <span id="publishDate">Last Published: 2021-03-27</span>
                  &nbsp;| <span id="projectVersion">Version: 0.0.1-SNAPSHOT</span>
                      </div>
            <div class="xright">                    <a href="${project.url}" title="sample">sample</a>
              
                    
      </div>
      <div class="clear">
        <hr/>
      </div>
    </div>
    <div id="leftColumn">
      <div id="navcolumn">
             
                    
                                          <h5>Project Documentation</h5>
                  <ul>
                                                                                                                                                                                                                                                                                            <li class="collapsed">
                          <a href="project-info.html" title="Project Information">Project Information</a>
                  </li>
                                                                              <li class="expanded">
                          <a href="project-reports.html" title="Project Reports">Project Reports</a>
                    <ul>
                      <li class="none">
            <strong>Checkstyle</strong>
          </li>
              </ul>
        </li>
          </ul>
                             <a href="http://maven.apache.org/" title="Built by Maven" class="poweredBy">
        <img class="poweredBy" alt="Built by Maven" src="./images/logos/maven-feather.png" />
      </a>
                   
                    
            </div>
    </div>
    <div id="bodyColumn">
      <div id="contentBox">
        <div class="section">
<h2>Checkstyle Results<a name="Checkstyle_Results"></a></h2>
<p>The following document contains the results of <a class="externalLink" href="http://checkstyle.sourceforge.net/">Checkstyle</a> 8.42-SNAPSHOT with /home/akmo/GitHub/contribution/checkstyle-tester/config-wilcoln-add-nwsbcdc-20210326223500.xml ruleset.&#160;<a href="checkstyle.rss"><img alt="rss feed" src="images/rss.png" /></a></p></div>
<div class="section">
<h2>Summary<a name="Summary"></a></h2>
<table border="0" class="bodyTable">
<tr class="a">
<th>Files</th>
<th><img src="images/icon_info_sml.gif" alt="" />&#160;Info</th>
<th><img src="images/icon_warning_sml.gif" alt="" />&#160;Warnings</th>
<th><img src="images/icon_error_sml.gif" alt="" />&#160;Errors</th></tr>
<tr class="b">
<td>1702</td>
<td>0</td>
<td>8</td>
<td>5</td></tr></table></div>
<div class="section">
<h2>Rules<a name="Rules"></a></h2>
<table border="0" class="bodyTable">
<tr class="a">
<th>Category</th>
<th>Rule</th>
<th>Violations</th>
<th>Severity</th></tr></table></div>
<div class="section">
<h2>Details<a name="Details"></a></h2>
<div class="section">
<h3 id="spoon.src.test.resources.noclasspath.Daikon.java">spoon/src/test/resources/noclasspath/Daikon.java</h3>
<table border="0" class="bodyTable">
<tr class="b">
<th>Severity</th>
<th>Category</th>
<th>Rule</th>
<th>Message</th>
<th>Line</th></tr>
<tr class="a">
<td><img src="images/icon_warning_sml.gif" alt="" />&#160;Warning</td>
<td>whitespace</td>
<td>NoWhitespaceBeforeCaseDefaultColon</td>
<td>':' is preceded with whitespace.</td>
<td>908</td></tr>
<tr class="b">
<td><img src="images/icon_warning_sml.gif" alt="" />&#160;Warning</td>
<td>whitespace</td>
<td>NoWhitespaceBeforeCaseDefaultColon</td>
<td>':' is preceded with whitespace.</td>
<td>1126</td></tr>
<tr class="a">
<td><img src="images/icon_warning_sml.gif" alt="" />&#160;Warning</td>
<td>whitespace</td>
<td>NoWhitespaceBeforeCaseDefaultColon</td>
<td>':' is preceded with whitespace.</td>
<td>1129</td></tr>
<tr class="b">
<td><img src="images/icon_warning_sml.gif" alt="" />&#160;Warning</td>
<td>whitespace</td>
<td>NoWhitespaceBeforeCaseDefaultColon</td>
<td>':' is preceded with whitespace.</td>
<td>1143</td></tr>
<tr class="a">
<td><img src="images/icon_warning_sml.gif" alt="" />&#160;Warning</td>
<td>whitespace</td>
<td>NoWhitespaceBeforeCaseDefaultColon</td>
<td>':' is preceded with whitespace.</td>
<td>1148</td></tr></table></div>
<div class="section">
<h3 id="spoon.src.test.resources.noclasspath.Demo2.java">spoon/src/test/resources/noclasspath/Demo2.java</h3>
<table border="0" class="bodyTable">
<tr class="b">
<th>Severity</th>
<th>Category</th>
<th>Rule</th>
<th>Message</th>
<th>Line</th></tr>
<tr class="a">
<td><img src="images/icon_error_sml.gif" alt="" />&#160;Error</td>
<td>extension</td>
<td>Checker</td>
<td>Got an exception - com.puppycrawl.tools.checkstyle.api.CheckstyleException: IllegalStateException occurred while parsing file /home/akmo/GitHub/contribution/checkstyle-tester/src/main/java/spoon/src/test/resources/noclasspath/Demo2.java.
	at com.puppycrawl.tools.checkstyle.JavaParser.parse(JavaParser.java:120)
	at com.puppycrawl.tools.checkstyle.TreeWalker.processFiltered(TreeWalker.java:152)
	at com.puppycrawl.tools.checkstyle.api.AbstractFileSetCheck.process(AbstractFileSetCheck.java:87)
	at com.puppycrawl.tools.checkstyle.Checker.processFile(Checker.java:328)
	at com.puppycrawl.tools.checkstyle.Checker.processFiles(Checker.java:289)
	at com.puppycrawl.tools.checkstyle.Checker.process(Checker.java:221)
	at org.apache.maven.plugins.checkstyle.exec.DefaultCheckstyleExecutor.executeCheckstyle(DefaultCheckstyleExecutor.java:202)
	at org.apache.maven.plugins.checkstyle.AbstractCheckstyleReport.executeReport(AbstractCheckstyleReport.java:533)
	at org.apache.maven.plugins.checkstyle.CheckstyleReport.executeReport(CheckstyleReport.java:57)
	at org.apache.maven.reporting.AbstractMavenReport.generate(AbstractMavenReport.java:255)
	at org.apache.maven.plugins.site.ReportDocumentRenderer.renderDocument(ReportDocumentRenderer.java:219)
	at org.apache.maven.doxia.siterenderer.DefaultSiteRenderer.renderModule(DefaultSiteRenderer.java:319)
	at org.apache.maven.doxia.siterenderer.DefaultSiteRenderer.render(DefaultSiteRenderer.java:135)
	at org.apache.maven.plugins.site.SiteMojo.renderLocale(SiteMojo.java:175)
	at org.apache.maven.plugins.site.SiteMojo.execute(SiteMojo.java:138)
	at org.apache.maven.plugin.DefaultBuildPluginManager.executeMojo(DefaultBuildPluginManager.java:137)
	at org.apache.maven.lifecycle.internal.MojoExecutor.execute(MojoExecutor.java:210)
	at org.apache.maven.lifecycle.internal.MojoExecutor.execute(MojoExecutor.java:156)
	at org.apache.maven.lifecycle.internal.MojoExecutor.execute(MojoExecutor.java:148)
	at org.apache.maven.lifecycle.internal.LifecycleModuleBuilder.buildProject(LifecycleModuleBuilder.java:117)
	at org.apache.maven.lifecycle.internal.LifecycleModuleBuilder.buildProject(LifecycleModuleBuilder.java:81)
	at org.apache.maven.lifecycle.internal.builder.singlethreaded.SingleThreadedBuilder.build(SingleThreadedBuilder.java:56)
	at org.apache.maven.lifecycle.internal.LifecycleStarter.execute(LifecycleStarter.java:128)
	at org.apache.maven.DefaultMaven.doExecute(DefaultMaven.java:305)
	at org.apache.maven.DefaultMaven.doExecute(DefaultMaven.java:192)
	at org.apache.maven.DefaultMaven.execute(DefaultMaven.java:105)
	at org.apache.maven.cli.MavenCli.execute(MavenCli.java:957)
	at org.apache.maven.cli.MavenCli.doMain(MavenCli.java:289)
	at org.apache.maven.cli.MavenCli.main(MavenCli.java:193)
	at java.base/jdk.internal.reflect.NativeMethodAccessorImpl.invoke0(Native Method)
	at java.base/jdk.internal.reflect.NativeMethodAccessorImpl.invoke(NativeMethodAccessorImpl.java:62)
	at java.base/jdk.internal.reflect.DelegatingMethodAccessorImpl.invoke(DelegatingMethodAccessorImpl.java:43)
	at java.base/java.lang.reflect.Method.invoke(Method.java:564)
	at org.codehaus.plexus.classworlds.launcher.Launcher.launchEnhanced(Launcher.java:282)
	at org.codehaus.plexus.classworlds.launcher.Launcher.launch(Launcher.java:225)
	at org.codehaus.plexus.classworlds.launcher.Launcher.mainWithExitCode(Launcher.java:406)
	at org.codehaus.plexus.classworlds.launcher.Launcher.main(Launcher.java:347)
Caused by: java.lang.IllegalStateException:  areLtsAndGtsBalanced(currentLtLevel)
	at com.puppycrawl.tools.checkstyle.JavaParser$1.reportError(JavaParser.java:108)
	at com.puppycrawl.tools.checkstyle.grammar.GeneratedJavaRecognizer.typeDefinition(GeneratedJavaRecognizer.java:424)
	at com.puppycrawl.tools.checkstyle.grammar.GeneratedJavaRecognizer.compilationUnit(GeneratedJavaRecognizer.java:212)
	at com.puppycrawl.tools.checkstyle.JavaParser.parse(JavaParser.java:114)
	... 36 more
Caused by:  areLtsAndGtsBalanced(currentLtLevel)
	at com.puppycrawl.tools.checkstyle.grammar.GeneratedJavaRecognizer.typeArguments(GeneratedJavaRecognizer.java:1374)
	at com.puppycrawl.tools.checkstyle.grammar.GeneratedJavaRecognizer.classOrInterfaceType(GeneratedJavaRecognizer.java:1148)
	at com.puppycrawl.tools.checkstyle.grammar.GeneratedJavaRecognizer.typeArgumentBounds(GeneratedJavaRecognizer.java:1573)
	at com.puppycrawl.tools.checkstyle.grammar.GeneratedJavaRecognizer.wildcardType(GeneratedJavaRecognizer.java:1508)
	at com.puppycrawl.tools.checkstyle.grammar.GeneratedJavaRecognizer.typeArgument(GeneratedJavaRecognizer.java:1435)
	at com.puppycrawl.tools.checkstyle.grammar.GeneratedJavaRecognizer.typeArguments(GeneratedJavaRecognizer.java:1336)
	at com.puppycrawl.tools.checkstyle.grammar.GeneratedJavaRecognizer.classOrInterfaceType(GeneratedJavaRecognizer.java:1148)
	at com.puppycrawl.tools.checkstyle.grammar.GeneratedJavaRecognizer.implementsClause(GeneratedJavaRecognizer.java:2671)
	at com.puppycrawl.tools.checkstyle.grammar.GeneratedJavaRecognizer.classDefinition(GeneratedJavaRecognizer.java:644)
	at com.puppycrawl.tools.checkstyle.grammar.GeneratedJavaRecognizer.typeDefinitionInternal(GeneratedJavaRecognizer.java:561)
	at com.puppycrawl.tools.checkstyle.grammar.GeneratedJavaRecognizer.typeDefinition(GeneratedJavaRecognizer.java:402)
	... 38 more
</td>
<td>1</td></tr></table></div>
<div class="section">
<h3 id="spoon.src.test.resources.noclasspath.IsoEncoding.java">spoon/src/test/resources/noclasspath/IsoEncoding.java</h3>
<table border="0" class="bodyTable">
<tr class="b">
<th>Severity</th>
<th>Category</th>
<th>Rule</th>
<th>Message</th>
<th>Line</th></tr>
<tr class="a">
<td><img src="images/icon_error_sml.gif" alt="" />&#160;Error</td>
<td>extension</td>
<td>Checker</td>
<td>Got an exception - com.puppycrawl.tools.checkstyle.api.CheckstyleException: TokenStreamRecognitionException occurred while parsing file /home/akmo/GitHub/contribution/checkstyle-tester/src/main/java/spoon/src/test/resources/noclasspath/IsoEncoding.java.
	at com.puppycrawl.tools.checkstyle.JavaParser.parse(JavaParser.java:120)
	at com.puppycrawl.tools.checkstyle.TreeWalker.processFiltered(TreeWalker.java:152)
	at com.puppycrawl.tools.checkstyle.api.AbstractFileSetCheck.process(AbstractFileSetCheck.java:87)
	at com.puppycrawl.tools.checkstyle.Checker.processFile(Checker.java:328)
	at com.puppycrawl.tools.checkstyle.Checker.processFiles(Checker.java:289)
	at com.puppycrawl.tools.checkstyle.Checker.process(Checker.java:221)
	at org.apache.maven.plugins.checkstyle.exec.DefaultCheckstyleExecutor.executeCheckstyle(DefaultCheckstyleExecutor.java:202)
	at org.apache.maven.plugins.checkstyle.AbstractCheckstyleReport.executeReport(AbstractCheckstyleReport.java:533)
	at org.apache.maven.plugins.checkstyle.CheckstyleReport.executeReport(CheckstyleReport.java:57)
	at org.apache.maven.reporting.AbstractMavenReport.generate(AbstractMavenReport.java:255)
	at org.apache.maven.plugins.site.ReportDocumentRenderer.renderDocument(ReportDocumentRenderer.java:219)
	at org.apache.maven.doxia.siterenderer.DefaultSiteRenderer.renderModule(DefaultSiteRenderer.java:319)
	at org.apache.maven.doxia.siterenderer.DefaultSiteRenderer.render(DefaultSiteRenderer.java:135)
	at org.apache.maven.plugins.site.SiteMojo.renderLocale(SiteMojo.java:175)
	at org.apache.maven.plugins.site.SiteMojo.execute(SiteMojo.java:138)
	at org.apache.maven.plugin.DefaultBuildPluginManager.executeMojo(DefaultBuildPluginManager.java:137)
	at org.apache.maven.lifecycle.internal.MojoExecutor.execute(MojoExecutor.java:210)
	at org.apache.maven.lifecycle.internal.MojoExecutor.execute(MojoExecutor.java:156)
	at org.apache.maven.lifecycle.internal.MojoExecutor.execute(MojoExecutor.java:148)
	at org.apache.maven.lifecycle.internal.LifecycleModuleBuilder.buildProject(LifecycleModuleBuilder.java:117)
	at org.apache.maven.lifecycle.internal.LifecycleModuleBuilder.buildProject(LifecycleModuleBuilder.java:81)
	at org.apache.maven.lifecycle.internal.builder.singlethreaded.SingleThreadedBuilder.build(SingleThreadedBuilder.java:56)
	at org.apache.maven.lifecycle.internal.LifecycleStarter.execute(LifecycleStarter.java:128)
	at org.apache.maven.DefaultMaven.doExecute(DefaultMaven.java:305)
	at org.apache.maven.DefaultMaven.doExecute(DefaultMaven.java:192)
	at org.apache.maven.DefaultMaven.execute(DefaultMaven.java:105)
	at org.apache.maven.cli.MavenCli.execute(MavenCli.java:957)
	at org.apache.maven.cli.MavenCli.doMain(MavenCli.java:289)
	at org.apache.maven.cli.MavenCli.main(MavenCli.java:193)
	at java.base/jdk.internal.reflect.NativeMethodAccessorImpl.invoke0(Native Method)
	at java.base/jdk.internal.reflect.NativeMethodAccessorImpl.invoke(NativeMethodAccessorImpl.java:62)
	at java.base/jdk.internal.reflect.DelegatingMethodAccessorImpl.invoke(DelegatingMethodAccessorImpl.java:43)
	at java.base/java.lang.reflect.Method.invoke(Method.java:564)
	at org.codehaus.plexus.classworlds.launcher.Launcher.launchEnhanced(Launcher.java:282)
	at org.codehaus.plexus.classworlds.launcher.Launcher.launch(Launcher.java:225)
	at org.codehaus.plexus.classworlds.launcher.Launcher.mainWithExitCode(Launcher.java:406)
	at org.codehaus.plexus.classworlds.launcher.Launcher.main(Launcher.java:347)
Caused by: line 5:24: Unexpected character 0xfffd in identifier
	at com.puppycrawl.tools.checkstyle.grammar.GeneratedJavaLexer.nextToken(GeneratedJavaLexer.java:412)
	at antlr.TokenStreamHiddenTokenFilter.consume(TokenStreamHiddenTokenFilter.java:38)
	at antlr.TokenStreamHiddenTokenFilter.nextToken(TokenStreamHiddenTokenFilter.java:134)
	at antlr.TokenStreamSelector.nextToken(TokenStreamSelector.java:65)
	at antlr.TokenBuffer.fill(TokenBuffer.java:69)
	at antlr.TokenBuffer.LA(TokenBuffer.java:80)
	at antlr.LLkParser.LA(LLkParser.java:52)
	at com.puppycrawl.tools.checkstyle.grammar.GeneratedJavaRecognizer.field(GeneratedJavaRecognizer.java:3056)
	at com.puppycrawl.tools.checkstyle.grammar.GeneratedJavaRecognizer.classBlock(GeneratedJavaRecognizer.java:3415)
	at com.puppycrawl.tools.checkstyle.grammar.GeneratedJavaRecognizer.classDefinition(GeneratedJavaRecognizer.java:646)
	at com.puppycrawl.tools.checkstyle.grammar.GeneratedJavaRecognizer.typeDefinitionInternal(GeneratedJavaRecognizer.java:561)
	at com.puppycrawl.tools.checkstyle.grammar.GeneratedJavaRecognizer.typeDefinition(GeneratedJavaRecognizer.java:402)
	at com.puppycrawl.tools.checkstyle.grammar.GeneratedJavaRecognizer.compilationUnit(GeneratedJavaRecognizer.java:212)
	at com.puppycrawl.tools.checkstyle.JavaParser.parse(JavaParser.java:114)
	... 36 more
</td>
<td>1</td></tr></table></div>
<div class="section">
<h3 id="spoon.src.test.resources.noclasspath.TestBot.java">spoon/src/test/resources/noclasspath/TestBot.java</h3>
<table border="0" class="bodyTable">
<tr class="b">
<th>Severity</th>
<th>Category</th>
<th>Rule</th>
<th>Message</th>
<th>Line</th></tr>
<tr class="a">
<td><img src="images/icon_warning_sml.gif" alt="" />&#160;Warning</td>
<td>whitespace</td>
<td>NoWhitespaceBeforeCaseDefaultColon</td>
<td>':' is preceded with whitespace.</td>
<td>997</td></tr>
<tr class="b">
<td><img src="images/icon_warning_sml.gif" alt="" />&#160;Warning</td>
<td>whitespace</td>
<td>NoWhitespaceBeforeCaseDefaultColon</td>
<td>':' is preceded with whitespace.</td>
<td>1000</td></tr></table></div>
<div class="section">
<h3 id="spoon.src.test.resources.parameter.FlowUtilities.java">spoon/src/test/resources/parameter/FlowUtilities.java</h3>
<table border="0" class="bodyTable">
<tr class="a">
<th>Severity</th>
<th>Category</th>
<th>Rule</th>
<th>Message</th>
<th>Line</th></tr>
<tr class="b">
<td><img src="images/icon_warning_sml.gif" alt="" />&#160;Warning</td>
<td>whitespace</td>
<td>NoWhitespaceBeforeCaseDefaultColon</td>
<td>':' is preceded with whitespace.</td>
<td>320</td></tr></table></div>
<div class="section">
<h3 id="spoon.src.test.resources.spoon.test.noclasspath.exceptions.Bar.java">spoon/src/test/resources/spoon/test/noclasspath/exceptions/Bar.java</h3>
<table border="0" class="bodyTable">
<tr class="a">
<th>Severity</th>
<th>Category</th>
<th>Rule</th>
<th>Message</th>
<th>Line</th></tr>
<tr class="b">
<td><img src="images/icon_error_sml.gif" alt="" />&#160;Error</td>
<td>extension</td>
<td>Checker</td>
<td>Got an exception - com.puppycrawl.tools.checkstyle.api.CheckstyleException: IllegalStateException occurred while parsing file /home/akmo/GitHub/contribution/checkstyle-tester/src/main/java/spoon/src/test/resources/spoon/test/noclasspath/exceptions/Bar.java.
	at com.puppycrawl.tools.checkstyle.JavaParser.parse(JavaParser.java:120)
	at com.puppycrawl.tools.checkstyle.TreeWalker.processFiltered(TreeWalker.java:152)
	at com.puppycrawl.tools.checkstyle.api.AbstractFileSetCheck.process(AbstractFileSetCheck.java:87)
	at com.puppycrawl.tools.checkstyle.Checker.processFile(Checker.java:328)
	at com.puppycrawl.tools.checkstyle.Checker.processFiles(Checker.java:289)
	at com.puppycrawl.tools.checkstyle.Checker.process(Checker.java:221)
	at org.apache.maven.plugins.checkstyle.exec.DefaultCheckstyleExecutor.executeCheckstyle(DefaultCheckstyleExecutor.java:202)
	at org.apache.maven.plugins.checkstyle.AbstractCheckstyleReport.executeReport(AbstractCheckstyleReport.java:533)
	at org.apache.maven.plugins.checkstyle.CheckstyleReport.executeReport(CheckstyleReport.java:57)
	at org.apache.maven.reporting.AbstractMavenReport.generate(AbstractMavenReport.java:255)
	at org.apache.maven.plugins.site.ReportDocumentRenderer.renderDocument(ReportDocumentRenderer.java:219)
	at org.apache.maven.doxia.siterenderer.DefaultSiteRenderer.renderModule(DefaultSiteRenderer.java:319)
	at org.apache.maven.doxia.siterenderer.DefaultSiteRenderer.render(DefaultSiteRenderer.java:135)
	at org.apache.maven.plugins.site.SiteMojo.renderLocale(SiteMojo.java:175)
	at org.apache.maven.plugins.site.SiteMojo.execute(SiteMojo.java:138)
	at org.apache.maven.plugin.DefaultBuildPluginManager.executeMojo(DefaultBuildPluginManager.java:137)
	at org.apache.maven.lifecycle.internal.MojoExecutor.execute(MojoExecutor.java:210)
	at org.apache.maven.lifecycle.internal.MojoExecutor.execute(MojoExecutor.java:156)
	at org.apache.maven.lifecycle.internal.MojoExecutor.execute(MojoExecutor.java:148)
	at org.apache.maven.lifecycle.internal.LifecycleModuleBuilder.buildProject(LifecycleModuleBuilder.java:117)
	at org.apache.maven.lifecycle.internal.LifecycleModuleBuilder.buildProject(LifecycleModuleBuilder.java:81)
	at org.apache.maven.lifecycle.internal.builder.singlethreaded.SingleThreadedBuilder.build(SingleThreadedBuilder.java:56)
	at org.apache.maven.lifecycle.internal.LifecycleStarter.execute(LifecycleStarter.java:128)
	at org.apache.maven.DefaultMaven.doExecute(DefaultMaven.java:305)
	at org.apache.maven.DefaultMaven.doExecute(DefaultMaven.java:192)
	at org.apache.maven.DefaultMaven.execute(DefaultMaven.java:105)
	at org.apache.maven.cli.MavenCli.execute(MavenCli.java:957)
	at org.apache.maven.cli.MavenCli.doMain(MavenCli.java:289)
	at org.apache.maven.cli.MavenCli.main(MavenCli.java:193)
	at java.base/jdk.internal.reflect.NativeMethodAccessorImpl.invoke0(Native Method)
	at java.base/jdk.internal.reflect.NativeMethodAccessorImpl.invoke(NativeMethodAccessorImpl.java:62)
	at java.base/jdk.internal.reflect.DelegatingMethodAccessorImpl.invoke(DelegatingMethodAccessorImpl.java:43)
	at java.base/java.lang.reflect.Method.invoke(Method.java:564)
	at org.codehaus.plexus.classworlds.launcher.Launcher.launchEnhanced(Launcher.java:282)
	at org.codehaus.plexus.classworlds.launcher.Launcher.launch(Launcher.java:225)
	at org.codehaus.plexus.classworlds.launcher.Launcher.mainWithExitCode(Launcher.java:406)
	at org.codehaus.plexus.classworlds.launcher.Launcher.main(Launcher.java:347)
Caused by: java.lang.IllegalStateException: /home/akmo/GitHub/contribution/checkstyle-tester/src/main/java/spoon/src/test/resources/spoon/test/noclasspath/exceptions/Bar.java:2:1: expecting SEMI, found 'public'
	at com.puppycrawl.tools.checkstyle.JavaParser$1.reportError(JavaParser.java:108)
	at com.puppycrawl.tools.checkstyle.grammar.GeneratedJavaRecognizer.packageDefinition(GeneratedJavaRecognizer.java:285)
	at com.puppycrawl.tools.checkstyle.grammar.GeneratedJavaRecognizer.compilationUnit(GeneratedJavaRecognizer.java:185)
	at com.puppycrawl.tools.checkstyle.JavaParser.parse(JavaParser.java:114)
	... 36 more
Caused by: /home/akmo/GitHub/contribution/checkstyle-tester/src/main/java/spoon/src/test/resources/spoon/test/noclasspath/exceptions/Bar.java:2:1: expecting SEMI, found 'public'
	at antlr.Parser.match(Parser.java:211)
	at com.puppycrawl.tools.checkstyle.grammar.GeneratedJavaRecognizer.packageDefinition(GeneratedJavaRecognizer.java:280)
	... 38 more
</td>
<td>1</td></tr></table></div>
<div class="section">
<h3 id="spoon.src.test.resources.syntheticMethods.ClassWithSyntheticEnumNotParsable.java">spoon/src/test/resources/syntheticMethods/ClassWithSyntheticEnumNotParsable.java</h3>
<table border="0" class="bodyTable">
<tr class="a">
<th>Severity</th>
<th>Category</th>
<th>Rule</th>
<th>Message</th>
<th>Line</th></tr>
<tr class="b">
<td><img src="images/icon_error_sml.gif" alt="" />&#160;Error</td>
<td>extension</td>
<td>Checker</td>
<td>Got an exception - com.puppycrawl.tools.checkstyle.api.CheckstyleException: IllegalStateException occurred while parsing file /home/akmo/GitHub/contribution/checkstyle-tester/src/main/java/spoon/src/test/resources/syntheticMethods/ClassWithSyntheticEnumNotParsable.java.
	at com.puppycrawl.tools.checkstyle.JavaParser.parse(JavaParser.java:120)
	at com.puppycrawl.tools.checkstyle.TreeWalker.processFiltered(TreeWalker.java:152)
	at com.puppycrawl.tools.checkstyle.api.AbstractFileSetCheck.process(AbstractFileSetCheck.java:87)
	at com.puppycrawl.tools.checkstyle.Checker.processFile(Checker.java:328)
	at com.puppycrawl.tools.checkstyle.Checker.processFiles(Checker.java:289)
	at com.puppycrawl.tools.checkstyle.Checker.process(Checker.java:221)
	at org.apache.maven.plugins.checkstyle.exec.DefaultCheckstyleExecutor.executeCheckstyle(DefaultCheckstyleExecutor.java:202)
	at org.apache.maven.plugins.checkstyle.AbstractCheckstyleReport.executeReport(AbstractCheckstyleReport.java:533)
	at org.apache.maven.plugins.checkstyle.CheckstyleReport.executeReport(CheckstyleReport.java:57)
	at org.apache.maven.reporting.AbstractMavenReport.generate(AbstractMavenReport.java:255)
	at org.apache.maven.plugins.site.ReportDocumentRenderer.renderDocument(ReportDocumentRenderer.java:219)
	at org.apache.maven.doxia.siterenderer.DefaultSiteRenderer.renderModule(DefaultSiteRenderer.java:319)
	at org.apache.maven.doxia.siterenderer.DefaultSiteRenderer.render(DefaultSiteRenderer.java:135)
	at org.apache.maven.plugins.site.SiteMojo.renderLocale(SiteMojo.java:175)
	at org.apache.maven.plugins.site.SiteMojo.execute(SiteMojo.java:138)
	at org.apache.maven.plugin.DefaultBuildPluginManager.executeMojo(DefaultBuildPluginManager.java:137)
	at org.apache.maven.lifecycle.internal.MojoExecutor.execute(MojoExecutor.java:210)
	at org.apache.maven.lifecycle.internal.MojoExecutor.execute(MojoExecutor.java:156)
	at org.apache.maven.lifecycle.internal.MojoExecutor.execute(MojoExecutor.java:148)
	at org.apache.maven.lifecycle.internal.LifecycleModuleBuilder.buildProject(LifecycleModuleBuilder.java:117)
	at org.apache.maven.lifecycle.internal.LifecycleModuleBuilder.buildProject(LifecycleModuleBuilder.java:81)
	at org.apache.maven.lifecycle.internal.builder.singlethreaded.SingleThreadedBuilder.build(SingleThreadedBuilder.java:56)
	at org.apache.maven.lifecycle.internal.LifecycleStarter.execute(LifecycleStarter.java:128)
	at org.apache.maven.DefaultMaven.doExecute(DefaultMaven.java:305)
	at org.apache.maven.DefaultMaven.doExecute(DefaultMaven.java:192)
	at org.apache.maven.DefaultMaven.execute(DefaultMaven.java:105)
	at org.apache.maven.cli.MavenCli.execute(MavenCli.java:957)
	at org.apache.maven.cli.MavenCli.doMain(MavenCli.java:289)
	at org.apache.maven.cli.MavenCli.main(MavenCli.java:193)
	at java.base/jdk.internal.reflect.NativeMethodAccessorImpl.invoke0(Native Method)
	at java.base/jdk.internal.reflect.NativeMethodAccessorImpl.invoke(NativeMethodAccessorImpl.java:62)
	at java.base/jdk.internal.reflect.DelegatingMethodAccessorImpl.invoke(DelegatingMethodAccessorImpl.java:43)
	at java.base/java.lang.reflect.Method.invoke(Method.java:564)
	at org.codehaus.plexus.classworlds.launcher.Launcher.launchEnhanced(Launcher.java:282)
	at org.codehaus.plexus.classworlds.launcher.Launcher.launch(Launcher.java:225)
	at org.codehaus.plexus.classworlds.launcher.Launcher.mainWithExitCode(Launcher.java:406)
	at org.codehaus.plexus.classworlds.launcher.Launcher.main(Launcher.java:347)
Caused by: java.lang.IllegalStateException: /home/akmo/GitHub/contribution/checkstyle-tester/src/main/java/spoon/src/test/resources/syntheticMethods/ClassWithSyntheticEnumNotParsable.java:15:9: unexpected token: private
	at com.puppycrawl.tools.checkstyle.JavaParser$1.reportError(JavaParser.java:108)
	at com.puppycrawl.tools.checkstyle.grammar.GeneratedJavaRecognizer.typeDefinition(GeneratedJavaRecognizer.java:424)
	at com.puppycrawl.tools.checkstyle.grammar.GeneratedJavaRecognizer.compilationUnit(GeneratedJavaRecognizer.java:212)
	at com.puppycrawl.tools.checkstyle.JavaParser.parse(JavaParser.java:114)
	... 36 more
Caused by: /home/akmo/GitHub/contribution/checkstyle-tester/src/main/java/spoon/src/test/resources/syntheticMethods/ClassWithSyntheticEnumNotParsable.java:15:9: unexpected token: private
	at com.puppycrawl.tools.checkstyle.grammar.GeneratedJavaRecognizer.enumBlock(GeneratedJavaRecognizer.java:3550)
	at com.puppycrawl.tools.checkstyle.grammar.GeneratedJavaRecognizer.enumDefinition(GeneratedJavaRecognizer.java:732)
	at com.puppycrawl.tools.checkstyle.grammar.GeneratedJavaRecognizer.typeDefinitionInternal(GeneratedJavaRecognizer.java:575)
	at com.puppycrawl.tools.checkstyle.grammar.GeneratedJavaRecognizer.annotationField(GeneratedJavaRecognizer.java:3855)
	at com.puppycrawl.tools.checkstyle.grammar.GeneratedJavaRecognizer.annotationBlock(GeneratedJavaRecognizer.java:3708)
	at com.puppycrawl.tools.checkstyle.grammar.GeneratedJavaRecognizer.annotationDefinition(GeneratedJavaRecognizer.java:767)
	at com.puppycrawl.tools.checkstyle.grammar.GeneratedJavaRecognizer.typeDefinitionInternal(GeneratedJavaRecognizer.java:582)
	at com.puppycrawl.tools.checkstyle.grammar.GeneratedJavaRecognizer.typeDefinition(GeneratedJavaRecognizer.java:402)
	... 38 more
</td>
<td>1</td></tr></table></div>
<div class="section">
<h3 id="spoon.src.test.resources.syntheticMethods.ClassWithSyntheticEnumParsable.java">spoon/src/test/resources/syntheticMethods/ClassWithSyntheticEnumParsable.java</h3>
<table border="0" class="bodyTable">
<tr class="a">
<th>Severity</th>
<th>Category</th>
<th>Rule</th>
<th>Message</th>
<th>Line</th></tr>
<tr class="b">
<td><img src="images/icon_error_sml.gif" alt="" />&#160;Error</td>
<td>extension</td>
<td>Checker</td>
<td>Got an exception - com.puppycrawl.tools.checkstyle.api.CheckstyleException: IllegalStateException occurred while parsing file /home/akmo/GitHub/contribution/checkstyle-tester/src/main/java/spoon/src/test/resources/syntheticMethods/ClassWithSyntheticEnumParsable.java.
	at com.puppycrawl.tools.checkstyle.JavaParser.parse(JavaParser.java:120)
	at com.puppycrawl.tools.checkstyle.TreeWalker.processFiltered(TreeWalker.java:152)
	at com.puppycrawl.tools.checkstyle.api.AbstractFileSetCheck.process(AbstractFileSetCheck.java:87)
	at com.puppycrawl.tools.checkstyle.Checker.processFile(Checker.java:328)
	at com.puppycrawl.tools.checkstyle.Checker.processFiles(Checker.java:289)
	at com.puppycrawl.tools.checkstyle.Checker.process(Checker.java:221)
	at org.apache.maven.plugins.checkstyle.exec.DefaultCheckstyleExecutor.executeCheckstyle(DefaultCheckstyleExecutor.java:202)
	at org.apache.maven.plugins.checkstyle.AbstractCheckstyleReport.executeReport(AbstractCheckstyleReport.java:533)
	at org.apache.maven.plugins.checkstyle.CheckstyleReport.executeReport(CheckstyleReport.java:57)
	at org.apache.maven.reporting.AbstractMavenReport.generate(AbstractMavenReport.java:255)
	at org.apache.maven.plugins.site.ReportDocumentRenderer.renderDocument(ReportDocumentRenderer.java:219)
	at org.apache.maven.doxia.siterenderer.DefaultSiteRenderer.renderModule(DefaultSiteRenderer.java:319)
	at org.apache.maven.doxia.siterenderer.DefaultSiteRenderer.render(DefaultSiteRenderer.java:135)
	at org.apache.maven.plugins.site.SiteMojo.renderLocale(SiteMojo.java:175)
	at org.apache.maven.plugins.site.SiteMojo.execute(SiteMojo.java:138)
	at org.apache.maven.plugin.DefaultBuildPluginManager.executeMojo(DefaultBuildPluginManager.java:137)
	at org.apache.maven.lifecycle.internal.MojoExecutor.execute(MojoExecutor.java:210)
	at org.apache.maven.lifecycle.internal.MojoExecutor.execute(MojoExecutor.java:156)
	at org.apache.maven.lifecycle.internal.MojoExecutor.execute(MojoExecutor.java:148)
	at org.apache.maven.lifecycle.internal.LifecycleModuleBuilder.buildProject(LifecycleModuleBuilder.java:117)
	at org.apache.maven.lifecycle.internal.LifecycleModuleBuilder.buildProject(LifecycleModuleBuilder.java:81)
	at org.apache.maven.lifecycle.internal.builder.singlethreaded.SingleThreadedBuilder.build(SingleThreadedBuilder.java:56)
	at org.apache.maven.lifecycle.internal.LifecycleStarter.execute(LifecycleStarter.java:128)
	at org.apache.maven.DefaultMaven.doExecute(DefaultMaven.java:305)
	at org.apache.maven.DefaultMaven.doExecute(DefaultMaven.java:192)
	at org.apache.maven.DefaultMaven.execute(DefaultMaven.java:105)
	at org.apache.maven.cli.MavenCli.execute(MavenCli.java:957)
	at org.apache.maven.cli.MavenCli.doMain(MavenCli.java:289)
	at org.apache.maven.cli.MavenCli.main(MavenCli.java:193)
	at java.base/jdk.internal.reflect.NativeMethodAccessorImpl.invoke0(Native Method)
	at java.base/jdk.internal.reflect.NativeMethodAccessorImpl.invoke(NativeMethodAccessorImpl.java:62)
	at java.base/jdk.internal.reflect.DelegatingMethodAccessorImpl.invoke(DelegatingMethodAccessorImpl.java:43)
	at java.base/java.lang.reflect.Method.invoke(Method.java:564)
	at org.codehaus.plexus.classworlds.launcher.Launcher.launchEnhanced(Launcher.java:282)
	at org.codehaus.plexus.classworlds.launcher.Launcher.launch(Launcher.java:225)
	at org.codehaus.plexus.classworlds.launcher.Launcher.mainWithExitCode(Launcher.java:406)
	at org.codehaus.plexus.classworlds.launcher.Launcher.main(Launcher.java:347)
Caused by: java.lang.IllegalStateException: /home/akmo/GitHub/contribution/checkstyle-tester/src/main/java/spoon/src/test/resources/syntheticMethods/ClassWithSyntheticEnumParsable.java:15:9: unexpected token: private
	at com.puppycrawl.tools.checkstyle.JavaParser$1.reportError(JavaParser.java:108)
	at com.puppycrawl.tools.checkstyle.grammar.GeneratedJavaRecognizer.typeDefinition(GeneratedJavaRecognizer.java:424)
	at com.puppycrawl.tools.checkstyle.grammar.GeneratedJavaRecognizer.compilationUnit(GeneratedJavaRecognizer.java:212)
	at com.puppycrawl.tools.checkstyle.JavaParser.parse(JavaParser.java:114)
	... 36 more
Caused by: /home/akmo/GitHub/contribution/checkstyle-tester/src/main/java/spoon/src/test/resources/syntheticMethods/ClassWithSyntheticEnumParsable.java:15:9: unexpected token: private
	at com.puppycrawl.tools.checkstyle.grammar.GeneratedJavaRecognizer.enumBlock(GeneratedJavaRecognizer.java:3550)
	at com.puppycrawl.tools.checkstyle.grammar.GeneratedJavaRecognizer.enumDefinition(GeneratedJavaRecognizer.java:732)
	at com.puppycrawl.tools.checkstyle.grammar.GeneratedJavaRecognizer.typeDefinitionInternal(GeneratedJavaRecognizer.java:575)
	at com.puppycrawl.tools.checkstyle.grammar.GeneratedJavaRecognizer.annotationField(GeneratedJavaRecognizer.java:3855)
	at com.puppycrawl.tools.checkstyle.grammar.GeneratedJavaRecognizer.annotationBlock(GeneratedJavaRecognizer.java:3708)
	at com.puppycrawl.tools.checkstyle.grammar.GeneratedJavaRecognizer.annotationDefinition(GeneratedJavaRecognizer.java:767)
	at com.puppycrawl.tools.checkstyle.grammar.GeneratedJavaRecognizer.typeDefinitionInternal(GeneratedJavaRecognizer.java:582)
	at com.puppycrawl.tools.checkstyle.grammar.GeneratedJavaRecognizer.typeDefinition(GeneratedJavaRecognizer.java:402)
	... 38 more
</td>
<td>1</td></tr></table></div></div>
      </div>
    </div>
    <div class="clear">
      <hr/>
    </div>
    <div id="footer">
      <div class="xright">
              Copyright &#169;                   2021.
          All Rights Reserved.      
                    
                  </div>
      <div class="clear">
        <hr/>
      </div>
    </div>
  </body>
</html>
